{"C:\\Users\\agard\\Documents\\IUT\\BUT3\\R6_05_Developpement_Avance\\TP\\realtime-elo-ranker-master\\apps\\realtime-elo-ranker-server\\src\\app.controller.ts": {"path":"C:\\Users\\agard\\Documents\\IUT\\BUT3\\R6_05_Developpement_Avance\\TP\\realtime-elo-ranker-master\\apps\\realtime-elo-ranker-server\\src\\app.controller.ts","statementMap":{"0":{"start":{"line":1,"column":0},"end":{"line":1,"column":49}},"1":{"start":{"line":2,"column":0},"end":{"line":2,"column":43}},"2":{"start":{"line":5,"column":7},"end":{"line":12,"column":null}},"3":{"start":{"line":6,"column":31},"end":{"line":6,"column":43}},"4":{"start":{"line":10,"column":4},"end":{"line":10,"column":38}},"5":{"start":{"line":5,"column":13},"end":{"line":5,"column":26}},"6":{"start":{"line":9,"column":2},"end":{"line":11,"column":null}},"7":{"start":{"line":5,"column":13},"end":{"line":12,"column":null}}},"fnMap":{"0":{"name":"(anonymous_2)","decl":{"start":{"line":6,"column":2},"end":{"line":6,"column":31}},"loc":{"start":{"line":6,"column":53},"end":{"line":6,"column":58}}},"1":{"name":"(anonymous_3)","decl":{"start":{"line":9,"column":2},"end":{"line":9,"column":10}},"loc":{"start":{"line":9,"column":10},"end":{"line":11,"column":3}}}},"branchMap":{},"s":{"0":1,"1":1,"2":1,"3":1,"4":1,"5":1,"6":1,"7":1},"f":{"0":1,"1":1},"b":{}}
,"C:\\Users\\agard\\Documents\\IUT\\BUT3\\R6_05_Developpement_Avance\\TP\\realtime-elo-ranker-master\\apps\\realtime-elo-ranker-server\\src\\app.module.ts": {"path":"C:\\Users\\agard\\Documents\\IUT\\BUT3\\R6_05_Developpement_Avance\\TP\\realtime-elo-ranker-master\\apps\\realtime-elo-ranker-server\\src\\app.module.ts","statementMap":{"0":{"start":{"line":1,"column":0},"end":{"line":1,"column":40}},"1":{"start":{"line":2,"column":0},"end":{"line":2,"column":48}},"2":{"start":{"line":3,"column":0},"end":{"line":3,"column":54}},"3":{"start":{"line":4,"column":0},"end":{"line":4,"column":51}},"4":{"start":{"line":5,"column":0},"end":{"line":5,"column":57}},"5":{"start":{"line":15,"column":7},"end":{"line":15,"column":null}},"6":{"start":{"line":15,"column":13},"end":{"line":15,"column":22}},"7":{"start":{"line":15,"column":13},"end":{"line":15,"column":null}}},"fnMap":{},"branchMap":{},"s":{"0":0,"1":0,"2":0,"3":0,"4":0,"5":0,"6":0,"7":0},"f":{},"b":{}}
,"C:\\Users\\agard\\Documents\\IUT\\BUT3\\R6_05_Developpement_Avance\\TP\\realtime-elo-ranker-master\\apps\\realtime-elo-ranker-server\\src\\app.service.ts": {"path":"C:\\Users\\agard\\Documents\\IUT\\BUT3\\R6_05_Developpement_Avance\\TP\\realtime-elo-ranker-master\\apps\\realtime-elo-ranker-server\\src\\app.service.ts","statementMap":{"0":{"start":{"line":1,"column":0},"end":{"line":1,"column":44}},"1":{"start":{"line":4,"column":7},"end":{"line":8,"column":null}},"2":{"start":{"line":6,"column":4},"end":{"line":6,"column":26}},"3":{"start":{"line":4,"column":13},"end":{"line":4,"column":23}},"4":{"start":{"line":4,"column":13},"end":{"line":8,"column":null}}},"fnMap":{"0":{"name":"(anonymous_1)","decl":{"start":{"line":5,"column":2},"end":{"line":5,"column":10}},"loc":{"start":{"line":5,"column":10},"end":{"line":7,"column":3}}}},"branchMap":{},"s":{"0":1,"1":1,"2":1,"3":1,"4":1},"f":{"0":1},"b":{}}
,"C:\\Users\\agard\\Documents\\IUT\\BUT3\\R6_05_Developpement_Avance\\TP\\realtime-elo-ranker-master\\apps\\realtime-elo-ranker-server\\src\\main.ts": {"path":"C:\\Users\\agard\\Documents\\IUT\\BUT3\\R6_05_Developpement_Avance\\TP\\realtime-elo-ranker-master\\apps\\realtime-elo-ranker-server\\src\\main.ts","statementMap":{"0":{"start":{"line":1,"column":0},"end":{"line":1,"column":43}},"1":{"start":{"line":2,"column":0},"end":{"line":2,"column":41}},"2":{"start":{"line":5,"column":14},"end":{"line":5,"column":49}},"3":{"start":{"line":6,"column":2},"end":{"line":6,"column":19}},"4":{"start":{"line":7,"column":2},"end":{"line":7,"column":45}},"5":{"start":{"line":9,"column":0},"end":{"line":9,"column":12}}},"fnMap":{"0":{"name":"bootstrap","decl":{"start":{"line":4,"column":15},"end":{"line":4,"column":24}},"loc":{"start":{"line":4,"column":24},"end":{"line":8,"column":1}}}},"branchMap":{"0":{"loc":{"start":{"line":7,"column":19},"end":{"line":7,"column":43}},"type":"binary-expr","locations":[{"start":{"line":7,"column":19},"end":{"line":7,"column":35}},{"start":{"line":7,"column":39},"end":{"line":7,"column":43}}]}},"s":{"0":0,"1":0,"2":0,"3":0,"4":0,"5":0},"f":{"0":0},"b":{"0":[0,0]}}
,"C:\\Users\\agard\\Documents\\IUT\\BUT3\\R6_05_Developpement_Avance\\TP\\realtime-elo-ranker-master\\apps\\realtime-elo-ranker-server\\src\\events\\events.module.ts": {"path":"C:\\Users\\agard\\Documents\\IUT\\BUT3\\R6_05_Developpement_Avance\\TP\\realtime-elo-ranker-master\\apps\\realtime-elo-ranker-server\\src\\events\\events.module.ts","statementMap":{"0":{"start":{"line":1,"column":0},"end":{"line":1,"column":40}},"1":{"start":{"line":2,"column":0},"end":{"line":2,"column":58}},"2":{"start":{"line":8,"column":7},"end":{"line":8,"column":null}},"3":{"start":{"line":8,"column":13},"end":{"line":8,"column":25}},"4":{"start":{"line":8,"column":13},"end":{"line":8,"column":null}}},"fnMap":{},"branchMap":{},"s":{"0":3,"1":3,"2":3,"3":3,"4":3},"f":{},"b":{}}
,"C:\\Users\\agard\\Documents\\IUT\\BUT3\\R6_05_Developpement_Avance\\TP\\realtime-elo-ranker-master\\apps\\realtime-elo-ranker-server\\src\\events\\services\\events.service.ts": {"path":"C:\\Users\\agard\\Documents\\IUT\\BUT3\\R6_05_Developpement_Avance\\TP\\realtime-elo-ranker-master\\apps\\realtime-elo-ranker-server\\src\\events\\services\\events.service.ts","statementMap":{"0":{"start":{"line":1,"column":0},"end":{"line":1,"column":44}},"1":{"start":{"line":2,"column":0},"end":{"line":2,"column":54}},"2":{"start":{"line":5,"column":7},"end":{"line":22,"column":null}},"3":{"start":{"line":6,"column":21},"end":{"line":6,"column":58}},"4":{"start":{"line":12,"column":8},"end":{"line":12,"column":58}},"5":{"start":{"line":16,"column":8},"end":{"line":16,"column":58}},"6":{"start":{"line":20,"column":8},"end":{"line":20,"column":35}},"7":{"start":{"line":5,"column":13},"end":{"line":5,"column":26}},"8":{"start":{"line":5,"column":13},"end":{"line":22,"column":null}}},"fnMap":{"0":{"name":"(anonymous_2)","decl":{"start":{"line":8,"column":4},"end":{"line":8,"column":null}},"loc":{"start":{"line":8,"column":4},"end":{"line":9,"column":9}}},"1":{"name":"(anonymous_3)","decl":{"start":{"line":11,"column":4},"end":{"line":11,"column":21}},"loc":{"start":{"line":11,"column":58},"end":{"line":13,"column":5}}},"2":{"name":"(anonymous_4)","decl":{"start":{"line":15,"column":4},"end":{"line":15,"column":21}},"loc":{"start":{"line":15,"column":58},"end":{"line":17,"column":5}}},"3":{"name":"(anonymous_5)","decl":{"start":{"line":19,"column":4},"end":{"line":19,"column":21}},"loc":{"start":{"line":19,"column":21},"end":{"line":21,"column":5}}}},"branchMap":{},"s":{"0":10,"1":10,"2":10,"3":60,"4":3,"5":1,"6":3,"7":10,"8":10},"f":{"0":60,"1":3,"2":1,"3":3},"b":{}}
,"C:\\Users\\agard\\Documents\\IUT\\BUT3\\R6_05_Developpement_Avance\\TP\\realtime-elo-ranker-master\\apps\\realtime-elo-ranker-server\\src\\match\\match.module.ts": {"path":"C:\\Users\\agard\\Documents\\IUT\\BUT3\\R6_05_Developpement_Avance\\TP\\realtime-elo-ranker-master\\apps\\realtime-elo-ranker-server\\src\\match\\match.module.ts","statementMap":{"0":{"start":{"line":1,"column":0},"end":{"line":1,"column":40}},"1":{"start":{"line":2,"column":0},"end":{"line":2,"column":48}},"2":{"start":{"line":3,"column":0},"end":{"line":3,"column":56}},"3":{"start":{"line":4,"column":0},"end":{"line":4,"column":65}},"4":{"start":{"line":5,"column":0},"end":{"line":5,"column":48}},"5":{"start":{"line":6,"column":0},"end":{"line":6,"column":58}},"6":{"start":{"line":7,"column":0},"end":{"line":7,"column":55}},"7":{"start":{"line":17,"column":7},"end":{"line":17,"column":null}},"8":{"start":{"line":17,"column":13},"end":{"line":17,"column":24}},"9":{"start":{"line":17,"column":13},"end":{"line":17,"column":null}}},"fnMap":{},"branchMap":{},"s":{"0":1,"1":1,"2":1,"3":1,"4":1,"5":1,"6":1,"7":1,"8":1,"9":1},"f":{},"b":{}}
,"C:\\Users\\agard\\Documents\\IUT\\BUT3\\R6_05_Developpement_Avance\\TP\\realtime-elo-ranker-master\\apps\\realtime-elo-ranker-server\\src\\match\\controllers\\match.controller.ts": {"path":"C:\\Users\\agard\\Documents\\IUT\\BUT3\\R6_05_Developpement_Avance\\TP\\realtime-elo-ranker-master\\apps\\realtime-elo-ranker-server\\src\\match\\controllers\\match.controller.ts","statementMap":{"0":{"start":{"line":1,"column":0},"end":{"line":1,"column":161}},"1":{"start":{"line":2,"column":0},"end":{"line":2,"column":57}},"2":{"start":{"line":3,"column":0},"end":{"line":3,"column":57}},"3":{"start":{"line":6,"column":7},"end":{"line":38,"column":null}},"4":{"start":{"line":7,"column":31},"end":{"line":7,"column":45}},"5":{"start":{"line":12,"column":4},"end":{"line":36,"column":7}},"6":{"start":{"line":13,"column":6},"end":{"line":35,"column":9}},"7":{"start":{"line":14,"column":8},"end":{"line":34,"column":9}},"8":{"start":{"line":17,"column":10},"end":{"line":31,"column":11}},"9":{"start":{"line":18,"column":12},"end":{"line":21,"column":14}},"10":{"start":{"line":22,"column":12},"end":{"line":22,"column":68}},"11":{"start":{"line":23,"column":17},"end":{"line":31,"column":11}},"12":{"start":{"line":24,"column":12},"end":{"line":27,"column":14}},"13":{"start":{"line":28,"column":12},"end":{"line":28,"column":59}},"14":{"start":{"line":30,"column":12},"end":{"line":30,"column":26}},"15":{"start":{"line":33,"column":10},"end":{"line":33,"column":147}},"16":{"start":{"line":6,"column":13},"end":{"line":6,"column":28}},"17":{"start":{"line":11,"column":2},"end":{"line":37,"column":null}},"18":{"start":{"line":6,"column":13},"end":{"line":38,"column":null}}},"fnMap":{"0":{"name":"(anonymous_4)","decl":{"start":{"line":7,"column":2},"end":{"line":7,"column":31}},"loc":{"start":{"line":7,"column":57},"end":{"line":7,"column":62}}},"1":{"name":"(anonymous_5)","decl":{"start":{"line":11,"column":2},"end":{"line":11,"column":8}},"loc":{"start":{"line":11,"column":47},"end":{"line":37,"column":3}}},"2":{"name":"(anonymous_6)","decl":{"start":{"line":12,"column":23},"end":{"line":12,"column":24}},"loc":{"start":{"line":12,"column":43},"end":{"line":36,"column":5}}},"3":{"name":"(anonymous_7)","decl":{"start":{"line":13,"column":47},"end":{"line":13,"column":48}},"loc":{"start":{"line":13,"column":65},"end":{"line":35,"column":7}}}},"branchMap":{"0":{"loc":{"start":{"line":14,"column":8},"end":{"line":34,"column":9}},"type":"if","locations":[{"start":{"line":14,"column":8},"end":{"line":34,"column":9}},{"start":{"line":32,"column":15},"end":{"line":34,"column":9}}]},"1":{"loc":{"start":{"line":17,"column":10},"end":{"line":31,"column":11}},"type":"if","locations":[{"start":{"line":17,"column":10},"end":{"line":31,"column":11}},{"start":{"line":23,"column":17},"end":{"line":31,"column":11}}]},"2":{"loc":{"start":{"line":23,"column":17},"end":{"line":31,"column":11}},"type":"if","locations":[{"start":{"line":23,"column":17},"end":{"line":31,"column":11}},{"start":{"line":29,"column":17},"end":{"line":31,"column":11}}]}},"s":{"0":2,"1":2,"2":2,"3":2,"4":7,"5":4,"6":4,"7":4,"8":3,"9":1,"10":1,"11":2,"12":1,"13":1,"14":1,"15":1,"16":2,"17":2,"18":2},"f":{"0":7,"1":4,"2":4,"3":4},"b":{"0":[3,1],"1":[1,2],"2":[1,1]}}
,"C:\\Users\\agard\\Documents\\IUT\\BUT3\\R6_05_Developpement_Avance\\TP\\realtime-elo-ranker-master\\apps\\realtime-elo-ranker-server\\src\\match\\dto\\create-match.dto.ts": {"path":"C:\\Users\\agard\\Documents\\IUT\\BUT3\\R6_05_Developpement_Avance\\TP\\realtime-elo-ranker-master\\apps\\realtime-elo-ranker-server\\src\\match\\dto\\create-match.dto.ts","statementMap":{"0":{"start":{"line":1,"column":0},"end":{"line":1,"column":13}}},"fnMap":{},"branchMap":{},"s":{"0":2},"f":{},"b":{}}
,"C:\\Users\\agard\\Documents\\IUT\\BUT3\\R6_05_Developpement_Avance\\TP\\realtime-elo-ranker-master\\apps\\realtime-elo-ranker-server\\src\\match\\entities\\match.entity.ts": {"path":"C:\\Users\\agard\\Documents\\IUT\\BUT3\\R6_05_Developpement_Avance\\TP\\realtime-elo-ranker-master\\apps\\realtime-elo-ranker-server\\src\\match\\entities\\match.entity.ts","statementMap":{"0":{"start":{"line":1,"column":0},"end":{"line":1,"column":65}},"1":{"start":{"line":4,"column":7},"end":{"line":22,"column":null}},"2":{"start":{"line":4,"column":13},"end":{"line":4,"column":18}},"3":{"start":{"line":6,"column":4},"end":{"line":6,"column":null}},"4":{"start":{"line":9,"column":4},"end":{"line":9,"column":null}},"5":{"start":{"line":12,"column":4},"end":{"line":12,"column":null}},"6":{"start":{"line":15,"column":4},"end":{"line":15,"column":null}},"7":{"start":{"line":18,"column":4},"end":{"line":18,"column":null}},"8":{"start":{"line":21,"column":4},"end":{"line":21,"column":null}},"9":{"start":{"line":4,"column":13},"end":{"line":22,"column":null}}},"fnMap":{},"branchMap":{},"s":{"0":3,"1":3,"2":3,"3":3,"4":3,"5":3,"6":3,"7":3,"8":3,"9":3},"f":{},"b":{}}
,"C:\\Users\\agard\\Documents\\IUT\\BUT3\\R6_05_Developpement_Avance\\TP\\realtime-elo-ranker-master\\apps\\realtime-elo-ranker-server\\src\\match\\services\\match.service.ts": {"path":"C:\\Users\\agard\\Documents\\IUT\\BUT3\\R6_05_Developpement_Avance\\TP\\realtime-elo-ranker-master\\apps\\realtime-elo-ranker-server\\src\\match\\services\\match.service.ts","statementMap":{"0":{"start":{"line":1,"column":0},"end":{"line":1,"column":95}},"1":{"start":{"line":2,"column":0},"end":{"line":2,"column":51}},"2":{"start":{"line":3,"column":0},"end":{"line":3,"column":37}},"3":{"start":{"line":4,"column":0},"end":{"line":4,"column":49}},"4":{"start":{"line":5,"column":0},"end":{"line":5,"column":68}},"5":{"start":{"line":10,"column":7},"end":{"line":110,"column":null}},"6":{"start":{"line":13,"column":12},"end":{"line":13,"column":29}},"7":{"start":{"line":14,"column":12},"end":{"line":14,"column":27}},"8":{"start":{"line":18,"column":4},"end":{"line":24,"column":5}},"9":{"start":{"line":19,"column":6},"end":{"line":19,"column":99}},"10":{"start":{"line":20,"column":11},"end":{"line":24,"column":5}},"11":{"start":{"line":21,"column":6},"end":{"line":21,"column":90}},"12":{"start":{"line":23,"column":6},"end":{"line":23,"column":29}},"13":{"start":{"line":28,"column":14},"end":{"line":28,"column":16}},"14":{"start":{"line":29,"column":32},"end":{"line":29,"column":86}},"15":{"start":{"line":30,"column":31},"end":{"line":30,"column":85}},"16":{"start":{"line":33,"column":4},"end":{"line":39,"column":5}},"17":{"start":{"line":34,"column":6},"end":{"line":34,"column":79}},"18":{"start":{"line":35,"column":6},"end":{"line":35,"column":76}},"19":{"start":{"line":37,"column":6},"end":{"line":37,"column":77}},"20":{"start":{"line":38,"column":6},"end":{"line":38,"column":74}},"21":{"start":{"line":41,"column":4},"end":{"line":41,"column":43}},"22":{"start":{"line":45,"column":4},"end":{"line":92,"column":7}},"23":{"start":{"line":46,"column":6},"end":{"line":48,"column":7}},"24":{"start":{"line":47,"column":8},"end":{"line":47,"column":66}},"25":{"start":{"line":49,"column":6},"end":{"line":91,"column":9}},"26":{"start":{"line":50,"column":8},"end":{"line":52,"column":9}},"27":{"start":{"line":51,"column":10},"end":{"line":51,"column":68}},"28":{"start":{"line":54,"column":8},"end":{"line":56,"column":9}},"29":{"start":{"line":55,"column":10},"end":{"line":55,"column":114}},"30":{"start":{"line":58,"column":48},"end":{"line":58,"column":111}},"31":{"start":{"line":60,"column":8},"end":{"line":60,"column":36}},"32":{"start":{"line":61,"column":8},"end":{"line":61,"column":34}},"33":{"start":{"line":63,"column":22},"end":{"line":63,"column":33}},"34":{"start":{"line":64,"column":8},"end":{"line":64,"column":35}},"35":{"start":{"line":65,"column":8},"end":{"line":65,"column":39}},"36":{"start":{"line":66,"column":8},"end":{"line":66,"column":33}},"37":{"start":{"line":67,"column":8},"end":{"line":67,"column":37}},"38":{"start":{"line":68,"column":8},"end":{"line":68,"column":41}},"39":{"start":{"line":70,"column":8},"end":{"line":90,"column":43}},"40":{"start":{"line":71,"column":53},"end":{"line":74,"column":14}},"41":{"start":{"line":75,"column":52},"end":{"line":78,"column":14}},"42":{"start":{"line":79,"column":12},"end":{"line":89,"column":13}},"43":{"start":{"line":80,"column":12},"end":{"line":82,"column":13}},"44":{"start":{"line":81,"column":14},"end":{"line":81,"column":37}},"45":{"start":{"line":83,"column":12},"end":{"line":88,"column":15}},"46":{"start":{"line":84,"column":14},"end":{"line":86,"column":15}},"47":{"start":{"line":85,"column":16},"end":{"line":85,"column":39}},"48":{"start":{"line":87,"column":14},"end":{"line":87,"column":41}},"49":{"start":{"line":90,"column":26},"end":{"line":90,"column":41}},"50":{"start":{"line":96,"column":4},"end":{"line":98,"column":5}},"51":{"start":{"line":97,"column":6},"end":{"line":97,"column":92}},"52":{"start":{"line":99,"column":4},"end":{"line":108,"column":9}},"53":{"start":{"line":101,"column":8},"end":{"line":103,"column":9}},"54":{"start":{"line":102,"column":10},"end":{"line":102,"column":86}},"55":{"start":{"line":104,"column":8},"end":{"line":104,"column":30}},"56":{"start":{"line":107,"column":8},"end":{"line":107,"column":24}},"57":{"start":{"line":10,"column":13},"end":{"line":10,"column":25}},"58":{"start":{"line":10,"column":13},"end":{"line":110,"column":null}}},"fnMap":{"0":{"name":"(anonymous_4)","decl":{"start":{"line":11,"column":2},"end":{"line":11,"column":null}},"loc":{"start":{"line":14,"column":40},"end":{"line":15,"column":7}}},"1":{"name":"(anonymous_5)","decl":{"start":{"line":17,"column":2},"end":{"line":17,"column":19}},"loc":{"start":{"line":17,"column":90},"end":{"line":25,"column":3}}},"2":{"name":"(anonymous_6)","decl":{"start":{"line":27,"column":2},"end":{"line":27,"column":14}},"loc":{"start":{"line":27,"column":67},"end":{"line":42,"column":3}}},"3":{"name":"(anonymous_7)","decl":{"start":{"line":44,"column":2},"end":{"line":44,"column":8}},"loc":{"start":{"line":44,"column":85},"end":{"line":93,"column":3}}},"4":{"name":"(anonymous_8)","decl":{"start":{"line":45,"column":54},"end":{"line":45,"column":55}},"loc":{"start":{"line":45,"column":72},"end":{"line":92,"column":5}}},"5":{"name":"(anonymous_9)","decl":{"start":{"line":49,"column":55},"end":{"line":49,"column":56}},"loc":{"start":{"line":49,"column":72},"end":{"line":91,"column":7}}},"6":{"name":"(anonymous_10)","decl":{"start":{"line":70,"column":46},"end":{"line":70,"column":56}},"loc":{"start":{"line":70,"column":59},"end":{"line":90,"column":9}}},"7":{"name":"(anonymous_11)","decl":{"start":{"line":79,"column":55},"end":{"line":79,"column":56}},"loc":{"start":{"line":79,"column":65},"end":{"line":89,"column":11}}},"8":{"name":"(anonymous_12)","decl":{"start":{"line":83,"column":54},"end":{"line":83,"column":55}},"loc":{"start":{"line":83,"column":64},"end":{"line":88,"column":13}}},"9":{"name":"(anonymous_13)","decl":{"start":{"line":90,"column":17},"end":{"line":90,"column":22}},"loc":{"start":{"line":90,"column":26},"end":{"line":90,"column":41}}},"10":{"name":"(anonymous_14)","decl":{"start":{"line":95,"column":2},"end":{"line":95,"column":9}},"loc":{"start":{"line":95,"column":66},"end":{"line":109,"column":3}}},"11":{"name":"(anonymous_15)","decl":{"start":{"line":100,"column":12},"end":{"line":100,"column":17}},"loc":{"start":{"line":100,"column":20},"end":{"line":105,"column":7}}},"12":{"name":"(anonymous_16)","decl":{"start":{"line":106,"column":13},"end":{"line":106,"column":18}},"loc":{"start":{"line":106,"column":21},"end":{"line":108,"column":7}}}},"branchMap":{"0":{"loc":{"start":{"line":18,"column":4},"end":{"line":24,"column":5}},"type":"if","locations":[{"start":{"line":18,"column":4},"end":{"line":24,"column":5}},{"start":{"line":20,"column":11},"end":{"line":24,"column":5}}]},"1":{"loc":{"start":{"line":20,"column":11},"end":{"line":24,"column":5}},"type":"if","locations":[{"start":{"line":20,"column":11},"end":{"line":24,"column":5}},{"start":{"line":22,"column":11},"end":{"line":24,"column":5}}]},"2":{"loc":{"start":{"line":33,"column":4},"end":{"line":39,"column":5}},"type":"if","locations":[{"start":{"line":33,"column":4},"end":{"line":39,"column":5}},{"start":{"line":36,"column":11},"end":{"line":39,"column":5}}]},"3":{"loc":{"start":{"line":46,"column":6},"end":{"line":48,"column":7}},"type":"if","locations":[{"start":{"line":46,"column":6},"end":{"line":48,"column":7}}]},"4":{"loc":{"start":{"line":50,"column":8},"end":{"line":52,"column":9}},"type":"if","locations":[{"start":{"line":50,"column":8},"end":{"line":52,"column":9}}]},"5":{"loc":{"start":{"line":54,"column":8},"end":{"line":56,"column":9}},"type":"if","locations":[{"start":{"line":54,"column":8},"end":{"line":56,"column":9}}]},"6":{"loc":{"start":{"line":80,"column":12},"end":{"line":82,"column":13}},"type":"if","locations":[{"start":{"line":80,"column":12},"end":{"line":82,"column":13}}]},"7":{"loc":{"start":{"line":84,"column":14},"end":{"line":86,"column":15}},"type":"if","locations":[{"start":{"line":84,"column":14},"end":{"line":86,"column":15}}]},"8":{"loc":{"start":{"line":96,"column":4},"end":{"line":98,"column":5}},"type":"if","locations":[{"start":{"line":96,"column":4},"end":{"line":98,"column":5}}]},"9":{"loc":{"start":{"line":101,"column":8},"end":{"line":103,"column":9}},"type":"if","locations":[{"start":{"line":101,"column":8},"end":{"line":103,"column":9}}]}},"s":{"0":3,"1":3,"2":3,"3":3,"4":3,"5":3,"6":23,"7":23,"8":4,"9":1,"10":3,"11":2,"12":1,"13":6,"14":6,"15":6,"16":6,"17":1,"18":1,"19":5,"20":5,"21":6,"22":7,"23":7,"24":1,"25":6,"26":6,"27":1,"28":5,"29":1,"30":4,"31":4,"32":4,"33":4,"34":4,"35":4,"36":4,"37":4,"38":4,"39":4,"40":3,"41":3,"42":3,"43":3,"44":1,"45":2,"46":2,"47":1,"48":1,"49":1,"50":4,"51":1,"52":3,"53":2,"54":1,"55":1,"56":1,"57":3,"58":3},"f":{"0":23,"1":4,"2":6,"3":7,"4":7,"5":6,"6":3,"7":3,"8":2,"9":1,"10":4,"11":2,"12":1},"b":{"0":[1,3],"1":[2,1],"2":[1,5],"3":[1],"4":[1],"5":[1],"6":[1],"7":[1],"8":[1],"9":[1]}}
,"C:\\Users\\agard\\Documents\\IUT\\BUT3\\R6_05_Developpement_Avance\\TP\\realtime-elo-ranker-master\\apps\\realtime-elo-ranker-server\\src\\player\\player.module.ts": {"path":"C:\\Users\\agard\\Documents\\IUT\\BUT3\\R6_05_Developpement_Avance\\TP\\realtime-elo-ranker-master\\apps\\realtime-elo-ranker-server\\src\\player\\player.module.ts","statementMap":{"0":{"start":{"line":1,"column":0},"end":{"line":1,"column":40}},"1":{"start":{"line":2,"column":0},"end":{"line":2,"column":48}},"2":{"start":{"line":3,"column":0},"end":{"line":3,"column":66}},"3":{"start":{"line":4,"column":0},"end":{"line":4,"column":75}},"4":{"start":{"line":5,"column":0},"end":{"line":5,"column":50}},"5":{"start":{"line":6,"column":0},"end":{"line":6,"column":55}},"6":{"start":{"line":17,"column":7},"end":{"line":17,"column":null}},"7":{"start":{"line":17,"column":13},"end":{"line":17,"column":25}},"8":{"start":{"line":17,"column":13},"end":{"line":17,"column":null}}},"fnMap":{},"branchMap":{},"s":{"0":2,"1":2,"2":2,"3":2,"4":2,"5":2,"6":2,"7":2,"8":2},"f":{},"b":{}}
,"C:\\Users\\agard\\Documents\\IUT\\BUT3\\R6_05_Developpement_Avance\\TP\\realtime-elo-ranker-master\\apps\\realtime-elo-ranker-server\\src\\player\\controllers\\player.controller.ts": {"path":"C:\\Users\\agard\\Documents\\IUT\\BUT3\\R6_05_Developpement_Avance\\TP\\realtime-elo-ranker-master\\apps\\realtime-elo-ranker-server\\src\\player\\controllers\\player.controller.ts","statementMap":{"0":{"start":{"line":1,"column":0},"end":{"line":1,"column":121}},"1":{"start":{"line":2,"column":0},"end":{"line":2,"column":59}},"2":{"start":{"line":3,"column":0},"end":{"line":3,"column":59}},"3":{"start":{"line":6,"column":7},"end":{"line":38,"column":null}},"4":{"start":{"line":7,"column":31},"end":{"line":7,"column":46}},"5":{"start":{"line":12,"column":4},"end":{"line":36,"column":7}},"6":{"start":{"line":13,"column":6},"end":{"line":35,"column":9}},"7":{"start":{"line":14,"column":8},"end":{"line":34,"column":9}},"8":{"start":{"line":17,"column":10},"end":{"line":31,"column":11}},"9":{"start":{"line":18,"column":12},"end":{"line":21,"column":14}},"10":{"start":{"line":22,"column":12},"end":{"line":22,"column":59}},"11":{"start":{"line":23,"column":17},"end":{"line":31,"column":11}},"12":{"start":{"line":24,"column":12},"end":{"line":27,"column":14}},"13":{"start":{"line":28,"column":12},"end":{"line":28,"column":57}},"14":{"start":{"line":30,"column":12},"end":{"line":30,"column":26}},"15":{"start":{"line":33,"column":10},"end":{"line":33,"column":26}},"16":{"start":{"line":6,"column":13},"end":{"line":6,"column":29}},"17":{"start":{"line":11,"column":2},"end":{"line":37,"column":null}},"18":{"start":{"line":6,"column":13},"end":{"line":38,"column":null}}},"fnMap":{"0":{"name":"(anonymous_4)","decl":{"start":{"line":7,"column":2},"end":{"line":7,"column":31}},"loc":{"start":{"line":7,"column":59},"end":{"line":7,"column":64}}},"1":{"name":"(anonymous_5)","decl":{"start":{"line":11,"column":2},"end":{"line":11,"column":8}},"loc":{"start":{"line":11,"column":49},"end":{"line":37,"column":3}}},"2":{"name":"(anonymous_6)","decl":{"start":{"line":12,"column":23},"end":{"line":12,"column":24}},"loc":{"start":{"line":12,"column":43},"end":{"line":36,"column":5}}},"3":{"name":"(anonymous_7)","decl":{"start":{"line":13,"column":49},"end":{"line":13,"column":50}},"loc":{"start":{"line":13,"column":67},"end":{"line":35,"column":7}}}},"branchMap":{"0":{"loc":{"start":{"line":14,"column":8},"end":{"line":34,"column":9}},"type":"if","locations":[{"start":{"line":14,"column":8},"end":{"line":34,"column":9}},{"start":{"line":32,"column":15},"end":{"line":34,"column":9}}]},"1":{"loc":{"start":{"line":17,"column":10},"end":{"line":31,"column":11}},"type":"if","locations":[{"start":{"line":17,"column":10},"end":{"line":31,"column":11}},{"start":{"line":23,"column":17},"end":{"line":31,"column":11}}]},"2":{"loc":{"start":{"line":23,"column":17},"end":{"line":31,"column":11}},"type":"if","locations":[{"start":{"line":23,"column":17},"end":{"line":31,"column":11}},{"start":{"line":29,"column":17},"end":{"line":31,"column":11}}]}},"s":{"0":3,"1":3,"2":3,"3":3,"4":10,"5":4,"6":4,"7":4,"8":3,"9":1,"10":1,"11":2,"12":1,"13":1,"14":1,"15":1,"16":3,"17":3,"18":3},"f":{"0":10,"1":4,"2":4,"3":4},"b":{"0":[3,1],"1":[1,2],"2":[1,1]}}
,"C:\\Users\\agard\\Documents\\IUT\\BUT3\\R6_05_Developpement_Avance\\TP\\realtime-elo-ranker-master\\apps\\realtime-elo-ranker-server\\src\\player\\dto\\create-player.dto.ts": {"path":"C:\\Users\\agard\\Documents\\IUT\\BUT3\\R6_05_Developpement_Avance\\TP\\realtime-elo-ranker-master\\apps\\realtime-elo-ranker-server\\src\\player\\dto\\create-player.dto.ts","statementMap":{"0":{"start":{"line":1,"column":0},"end":{"line":1,"column":13}}},"fnMap":{},"branchMap":{},"s":{"0":4},"f":{},"b":{}}
,"C:\\Users\\agard\\Documents\\IUT\\BUT3\\R6_05_Developpement_Avance\\TP\\realtime-elo-ranker-master\\apps\\realtime-elo-ranker-server\\src\\player\\dto\\update-player.dto.ts": {"path":"C:\\Users\\agard\\Documents\\IUT\\BUT3\\R6_05_Developpement_Avance\\TP\\realtime-elo-ranker-master\\apps\\realtime-elo-ranker-server\\src\\player\\dto\\update-player.dto.ts","statementMap":{"0":{"start":{"line":1,"column":0},"end":{"line":1,"column":51}},"1":{"start":{"line":2,"column":0},"end":{"line":2,"column":54}},"2":{"start":{"line":4,"column":0},"end":{"line":4,"column":13}}},"fnMap":{},"branchMap":{},"s":{"0":1,"1":1,"2":1},"f":{},"b":{}}
,"C:\\Users\\agard\\Documents\\IUT\\BUT3\\R6_05_Developpement_Avance\\TP\\realtime-elo-ranker-master\\apps\\realtime-elo-ranker-server\\src\\player\\entities\\player.entity.ts": {"path":"C:\\Users\\agard\\Documents\\IUT\\BUT3\\R6_05_Developpement_Avance\\TP\\realtime-elo-ranker-master\\apps\\realtime-elo-ranker-server\\src\\player\\entities\\player.entity.ts","statementMap":{"0":{"start":{"line":1,"column":0},"end":{"line":1,"column":56}},"1":{"start":{"line":4,"column":7},"end":{"line":10,"column":null}},"2":{"start":{"line":4,"column":13},"end":{"line":4,"column":19}},"3":{"start":{"line":6,"column":2},"end":{"line":6,"column":null}},"4":{"start":{"line":9,"column":2},"end":{"line":9,"column":null}},"5":{"start":{"line":4,"column":13},"end":{"line":10,"column":null}}},"fnMap":{},"branchMap":{},"s":{"0":8,"1":8,"2":8,"3":8,"4":8,"5":8},"f":{},"b":{}}
,"C:\\Users\\agard\\Documents\\IUT\\BUT3\\R6_05_Developpement_Avance\\TP\\realtime-elo-ranker-master\\apps\\realtime-elo-ranker-server\\src\\player\\services\\player.service.ts": {"path":"C:\\Users\\agard\\Documents\\IUT\\BUT3\\R6_05_Developpement_Avance\\TP\\realtime-elo-ranker-master\\apps\\realtime-elo-ranker-server\\src\\player\\services\\player.service.ts","statementMap":{"0":{"start":{"line":1,"column":0},"end":{"line":1,"column":114}},"1":{"start":{"line":2,"column":0},"end":{"line":2,"column":51}},"2":{"start":{"line":3,"column":0},"end":{"line":3,"column":37}},"3":{"start":{"line":4,"column":0},"end":{"line":4,"column":51}},"4":{"start":{"line":7,"column":0},"end":{"line":7,"column":69}},"5":{"start":{"line":10,"column":7},"end":{"line":99,"column":null}},"6":{"start":{"line":13,"column":12},"end":{"line":13,"column":30}},"7":{"start":{"line":14,"column":12},"end":{"line":14,"column":27}},"8":{"start":{"line":18,"column":4},"end":{"line":22,"column":39}},"9":{"start":{"line":20,"column":8},"end":{"line":20,"column":32}},"10":{"start":{"line":22,"column":22},"end":{"line":22,"column":37}},"11":{"start":{"line":26,"column":4},"end":{"line":28,"column":5}},"12":{"start":{"line":27,"column":6},"end":{"line":27,"column":93}},"13":{"start":{"line":30,"column":4},"end":{"line":55,"column":9}},"14":{"start":{"line":32,"column":8},"end":{"line":34,"column":9}},"15":{"start":{"line":33,"column":10},"end":{"line":33,"column":74}},"16":{"start":{"line":36,"column":8},"end":{"line":54,"column":13}},"17":{"start":{"line":38,"column":30},"end":{"line":38,"column":83}},"18":{"start":{"line":38,"column":62},"end":{"line":38,"column":79}},"19":{"start":{"line":39,"column":32},"end":{"line":39,"column":94}},"20":{"start":{"line":41,"column":27},"end":{"line":41,"column":39}},"21":{"start":{"line":42,"column":12},"end":{"line":42,"column":43}},"22":{"start":{"line":43,"column":12},"end":{"line":43,"column":38}},"23":{"start":{"line":45,"column":12},"end":{"line":53,"column":47}},"24":{"start":{"line":47,"column":16},"end":{"line":50,"column":19}},"25":{"start":{"line":51,"column":16},"end":{"line":51,"column":44}},"26":{"start":{"line":53,"column":30},"end":{"line":53,"column":45}},"27":{"start":{"line":59,"column":4},"end":{"line":61,"column":5}},"28":{"start":{"line":60,"column":6},"end":{"line":60,"column":93}},"29":{"start":{"line":63,"column":4},"end":{"line":70,"column":39}},"30":{"start":{"line":65,"column":8},"end":{"line":67,"column":9}},"31":{"start":{"line":66,"column":10},"end":{"line":66,"column":87}},"32":{"start":{"line":68,"column":8},"end":{"line":68,"column":31}},"33":{"start":{"line":70,"column":22},"end":{"line":70,"column":37}},"34":{"start":{"line":74,"column":4},"end":{"line":76,"column":5}},"35":{"start":{"line":75,"column":6},"end":{"line":75,"column":93}},"36":{"start":{"line":78,"column":4},"end":{"line":97,"column":39}},"37":{"start":{"line":80,"column":8},"end":{"line":82,"column":9}},"38":{"start":{"line":81,"column":10},"end":{"line":81,"column":87}},"39":{"start":{"line":85,"column":8},"end":{"line":85,"column":51}},"40":{"start":{"line":87,"column":8},"end":{"line":95,"column":43}},"41":{"start":{"line":89,"column":12},"end":{"line":92,"column":15}},"42":{"start":{"line":93,"column":12},"end":{"line":93,"column":27}},"43":{"start":{"line":95,"column":26},"end":{"line":95,"column":41}},"44":{"start":{"line":97,"column":22},"end":{"line":97,"column":37}},"45":{"start":{"line":10,"column":13},"end":{"line":10,"column":26}},"46":{"start":{"line":10,"column":13},"end":{"line":99,"column":null}}},"fnMap":{"0":{"name":"(anonymous_4)","decl":{"start":{"line":11,"column":2},"end":{"line":11,"column":null}},"loc":{"start":{"line":14,"column":40},"end":{"line":15,"column":7}}},"1":{"name":"(anonymous_5)","decl":{"start":{"line":17,"column":2},"end":{"line":17,"column":9}},"loc":{"start":{"line":17,"column":59},"end":{"line":23,"column":3}}},"2":{"name":"(anonymous_6)","decl":{"start":{"line":19,"column":12},"end":{"line":19,"column":19}},"loc":{"start":{"line":19,"column":22},"end":{"line":21,"column":7}}},"3":{"name":"(anonymous_7)","decl":{"start":{"line":22,"column":13},"end":{"line":22,"column":18}},"loc":{"start":{"line":22,"column":22},"end":{"line":22,"column":37}}},"4":{"name":"(anonymous_8)","decl":{"start":{"line":25,"column":2},"end":{"line":25,"column":8}},"loc":{"start":{"line":25,"column":87},"end":{"line":56,"column":3}}},"5":{"name":"(anonymous_9)","decl":{"start":{"line":31,"column":12},"end":{"line":31,"column":26}},"loc":{"start":{"line":31,"column":29},"end":{"line":55,"column":7}}},"6":{"name":"(anonymous_10)","decl":{"start":{"line":37,"column":16},"end":{"line":37,"column":23}},"loc":{"start":{"line":37,"column":26},"end":{"line":54,"column":11}}},"7":{"name":"(anonymous_11)","decl":{"start":{"line":38,"column":45},"end":{"line":38,"column":46}},"loc":{"start":{"line":38,"column":62},"end":{"line":38,"column":79}}},"8":{"name":"(anonymous_12)","decl":{"start":{"line":46,"column":20},"end":{"line":46,"column":31}},"loc":{"start":{"line":46,"column":34},"end":{"line":52,"column":15}}},"9":{"name":"(anonymous_13)","decl":{"start":{"line":53,"column":21},"end":{"line":53,"column":26}},"loc":{"start":{"line":53,"column":30},"end":{"line":53,"column":45}}},"10":{"name":"(anonymous_14)","decl":{"start":{"line":58,"column":2},"end":{"line":58,"column":9}},"loc":{"start":{"line":58,"column":66},"end":{"line":71,"column":3}}},"11":{"name":"(anonymous_15)","decl":{"start":{"line":64,"column":12},"end":{"line":64,"column":18}},"loc":{"start":{"line":64,"column":21},"end":{"line":69,"column":7}}},"12":{"name":"(anonymous_16)","decl":{"start":{"line":70,"column":13},"end":{"line":70,"column":18}},"loc":{"start":{"line":70,"column":22},"end":{"line":70,"column":37}}},"13":{"name":"(anonymous_17)","decl":{"start":{"line":73,"column":2},"end":{"line":73,"column":8}},"loc":{"start":{"line":73,"column":73},"end":{"line":98,"column":3}}},"14":{"name":"(anonymous_18)","decl":{"start":{"line":79,"column":12},"end":{"line":79,"column":26}},"loc":{"start":{"line":79,"column":29},"end":{"line":96,"column":7}}},"15":{"name":"(anonymous_19)","decl":{"start":{"line":88,"column":16},"end":{"line":88,"column":19}},"loc":{"start":{"line":88,"column":21},"end":{"line":94,"column":11}}},"16":{"name":"(anonymous_20)","decl":{"start":{"line":95,"column":17},"end":{"line":95,"column":22}},"loc":{"start":{"line":95,"column":26},"end":{"line":95,"column":41}}},"17":{"name":"(anonymous_21)","decl":{"start":{"line":97,"column":13},"end":{"line":97,"column":18}},"loc":{"start":{"line":97,"column":22},"end":{"line":97,"column":37}}}},"branchMap":{"0":{"loc":{"start":{"line":26,"column":4},"end":{"line":28,"column":5}},"type":"if","locations":[{"start":{"line":26,"column":4},"end":{"line":28,"column":5}}]},"1":{"loc":{"start":{"line":26,"column":8},"end":{"line":26,"column":57}},"type":"binary-expr","locations":[{"start":{"line":26,"column":8},"end":{"line":26,"column":27}},{"start":{"line":26,"column":31},"end":{"line":26,"column":57}}]},"2":{"loc":{"start":{"line":32,"column":8},"end":{"line":34,"column":9}},"type":"if","locations":[{"start":{"line":32,"column":8},"end":{"line":34,"column":9}}]},"3":{"loc":{"start":{"line":39,"column":32},"end":{"line":39,"column":94}},"type":"cond-expr","locations":[{"start":{"line":39,"column":49},"end":{"line":39,"column":87}},{"start":{"line":39,"column":90},"end":{"line":39,"column":94}}]},"4":{"loc":{"start":{"line":59,"column":4},"end":{"line":61,"column":5}},"type":"if","locations":[{"start":{"line":59,"column":4},"end":{"line":61,"column":5}}]},"5":{"loc":{"start":{"line":65,"column":8},"end":{"line":67,"column":9}},"type":"if","locations":[{"start":{"line":65,"column":8},"end":{"line":67,"column":9}}]},"6":{"loc":{"start":{"line":74,"column":4},"end":{"line":76,"column":5}},"type":"if","locations":[{"start":{"line":74,"column":4},"end":{"line":76,"column":5}}]},"7":{"loc":{"start":{"line":80,"column":8},"end":{"line":82,"column":9}},"type":"if","locations":[{"start":{"line":80,"column":8},"end":{"line":82,"column":9}}]}},"s":{"0":8,"1":8,"2":8,"3":8,"4":8,"5":8,"6":54,"7":54,"8":38,"9":36,"10":1,"11":3,"12":1,"13":2,"14":2,"15":0,"16":2,"17":2,"18":2,"19":2,"20":2,"21":2,"22":2,"23":2,"24":2,"25":2,"26":0,"27":3,"28":1,"29":2,"30":2,"31":1,"32":1,"33":0,"34":4,"35":1,"36":3,"37":2,"38":1,"39":1,"40":1,"41":0,"42":0,"43":1,"44":1,"45":8,"46":8},"f":{"0":54,"1":38,"2":36,"3":1,"4":3,"5":2,"6":2,"7":2,"8":2,"9":0,"10":3,"11":2,"12":0,"13":4,"14":2,"15":0,"16":1,"17":1},"b":{"0":[1],"1":[3,2],"2":[0],"3":[1,1],"4":[1],"5":[1],"6":[1],"7":[1]}}
,"C:\\Users\\agard\\Documents\\IUT\\BUT3\\R6_05_Developpement_Avance\\TP\\realtime-elo-ranker-master\\apps\\realtime-elo-ranker-server\\src\\ranking\\ranking.module.ts": {"path":"C:\\Users\\agard\\Documents\\IUT\\BUT3\\R6_05_Developpement_Avance\\TP\\realtime-elo-ranker-master\\apps\\realtime-elo-ranker-server\\src\\ranking\\ranking.module.ts","statementMap":{"0":{"start":{"line":1,"column":0},"end":{"line":1,"column":40}},"1":{"start":{"line":2,"column":0},"end":{"line":2,"column":48}},"2":{"start":{"line":3,"column":0},"end":{"line":3,"column":59}},"3":{"start":{"line":4,"column":0},"end":{"line":4,"column":60}},"4":{"start":{"line":5,"column":0},"end":{"line":5,"column":69}},"5":{"start":{"line":6,"column":0},"end":{"line":6,"column":58}},"6":{"start":{"line":7,"column":0},"end":{"line":7,"column":55}},"7":{"start":{"line":8,"column":0},"end":{"line":8,"column":55}},"8":{"start":{"line":21,"column":7},"end":{"line":21,"column":null}},"9":{"start":{"line":21,"column":13},"end":{"line":21,"column":26}},"10":{"start":{"line":21,"column":13},"end":{"line":21,"column":null}}},"fnMap":{},"branchMap":{},"s":{"0":1,"1":1,"2":1,"3":1,"4":1,"5":1,"6":1,"7":1,"8":1,"9":1,"10":1},"f":{},"b":{}}
,"C:\\Users\\agard\\Documents\\IUT\\BUT3\\R6_05_Developpement_Avance\\TP\\realtime-elo-ranker-master\\apps\\realtime-elo-ranker-server\\src\\ranking\\controllers\\ranking.controller.ts": {"path":"C:\\Users\\agard\\Documents\\IUT\\BUT3\\R6_05_Developpement_Avance\\TP\\realtime-elo-ranker-master\\apps\\realtime-elo-ranker-server\\src\\ranking\\controllers\\ranking.controller.ts","statementMap":{"0":{"start":{"line":1,"column":0},"end":{"line":1,"column":83}},"1":{"start":{"line":2,"column":0},"end":{"line":2,"column":34}},"2":{"start":{"line":3,"column":0},"end":{"line":3,"column":61}},"3":{"start":{"line":6,"column":7},"end":{"line":32,"column":null}},"4":{"start":{"line":7,"column":31},"end":{"line":7,"column":47}},"5":{"start":{"line":12,"column":4},"end":{"line":25,"column":7}},"6":{"start":{"line":13,"column":6},"end":{"line":24,"column":9}},"7":{"start":{"line":14,"column":8},"end":{"line":16,"column":9}},"8":{"start":{"line":15,"column":10},"end":{"line":15,"column":31}},"9":{"start":{"line":17,"column":8},"end":{"line":22,"column":9}},"10":{"start":{"line":18,"column":10},"end":{"line":21,"column":14}},"11":{"start":{"line":23,"column":8},"end":{"line":23,"column":25}},"12":{"start":{"line":30,"column":4},"end":{"line":30,"column":51}},"13":{"start":{"line":6,"column":13},"end":{"line":6,"column":30}},"14":{"start":{"line":11,"column":2},"end":{"line":26,"column":null}},"15":{"start":{"line":29,"column":2},"end":{"line":31,"column":null}},"16":{"start":{"line":6,"column":13},"end":{"line":32,"column":null}}},"fnMap":{"0":{"name":"(anonymous_2)","decl":{"start":{"line":7,"column":2},"end":{"line":7,"column":31}},"loc":{"start":{"line":7,"column":61},"end":{"line":7,"column":66}}},"1":{"name":"(anonymous_3)","decl":{"start":{"line":11,"column":2},"end":{"line":11,"column":12}},"loc":{"start":{"line":11,"column":12},"end":{"line":26,"column":3}}},"2":{"name":"(anonymous_4)","decl":{"start":{"line":12,"column":23},"end":{"line":12,"column":24}},"loc":{"start":{"line":12,"column":43},"end":{"line":25,"column":5}}},"3":{"name":"(anonymous_5)","decl":{"start":{"line":13,"column":37},"end":{"line":13,"column":38}},"loc":{"start":{"line":13,"column":56},"end":{"line":24,"column":7}}},"4":{"name":"(anonymous_6)","decl":{"start":{"line":29,"column":2},"end":{"line":29,"column":27}},"loc":{"start":{"line":29,"column":27},"end":{"line":31,"column":3}}}},"branchMap":{"0":{"loc":{"start":{"line":14,"column":8},"end":{"line":16,"column":9}},"type":"if","locations":[{"start":{"line":14,"column":8},"end":{"line":16,"column":9}}]},"1":{"loc":{"start":{"line":17,"column":8},"end":{"line":22,"column":9}},"type":"if","locations":[{"start":{"line":17,"column":8},"end":{"line":22,"column":9}}]},"2":{"loc":{"start":{"line":17,"column":12},"end":{"line":17,"column":44}},"type":"binary-expr","locations":[{"start":{"line":17,"column":12},"end":{"line":17,"column":20}},{"start":{"line":17,"column":24},"end":{"line":17,"column":44}}]}},"s":{"0":2,"1":2,"2":2,"3":2,"4":7,"5":3,"6":3,"7":3,"8":2,"9":1,"10":0,"11":1,"12":1,"13":2,"14":2,"15":2,"16":2},"f":{"0":7,"1":3,"2":3,"3":3,"4":1},"b":{"0":[2],"1":[0],"2":[1,1]}}
,"C:\\Users\\agard\\Documents\\IUT\\BUT3\\R6_05_Developpement_Avance\\TP\\realtime-elo-ranker-master\\apps\\realtime-elo-ranker-server\\src\\ranking\\services\\ranking.service.ts": {"path":"C:\\Users\\agard\\Documents\\IUT\\BUT3\\R6_05_Developpement_Avance\\TP\\realtime-elo-ranker-master\\apps\\realtime-elo-ranker-server\\src\\ranking\\services\\ranking.service.ts","statementMap":{"0":{"start":{"line":1,"column":0},"end":{"line":1,"column":44}},"1":{"start":{"line":2,"column":0},"end":{"line":2,"column":45}},"2":{"start":{"line":3,"column":0},"end":{"line":3,"column":37}},"3":{"start":{"line":5,"column":0},"end":{"line":5,"column":69}},"4":{"start":{"line":6,"column":0},"end":{"line":6,"column":69}},"5":{"start":{"line":14,"column":7},"end":{"line":65,"column":null}},"6":{"start":{"line":18,"column":12},"end":{"line":18,"column":27}},"7":{"start":{"line":19,"column":12},"end":{"line":19,"column":26}},"8":{"start":{"line":15,"column":10},"end":{"line":15,"column":34}},"9":{"start":{"line":21,"column":4},"end":{"line":21,"column":30}},"10":{"start":{"line":25,"column":4},"end":{"line":31,"column":7}},"11":{"start":{"line":26,"column":6},"end":{"line":30,"column":7}},"12":{"start":{"line":27,"column":8},"end":{"line":27,"column":64}},"13":{"start":{"line":27,"column":47},"end":{"line":27,"column":62}},"14":{"start":{"line":29,"column":8},"end":{"line":29,"column":67}},"15":{"start":{"line":35,"column":4},"end":{"line":35,"column":34}},"16":{"start":{"line":39,"column":18},"end":{"line":39,"column":66}},"17":{"start":{"line":39,"column":47},"end":{"line":39,"column":65}},"18":{"start":{"line":40,"column":4},"end":{"line":44,"column":5}},"19":{"start":{"line":41,"column":6},"end":{"line":41,"column":46}},"20":{"start":{"line":43,"column":6},"end":{"line":43,"column":33}},"21":{"start":{"line":45,"column":4},"end":{"line":45,"column":50}},"22":{"start":{"line":45,"column":33},"end":{"line":45,"column":48}},"23":{"start":{"line":49,"column":4},"end":{"line":63,"column":6}},"24":{"start":{"line":51,"column":8},"end":{"line":51,"column":75}},"25":{"start":{"line":53,"column":28},"end":{"line":56,"column":10}},"26":{"start":{"line":57,"column":8},"end":{"line":61,"column":11}},"27":{"start":{"line":14,"column":13},"end":{"line":14,"column":27}},"28":{"start":{"line":14,"column":13},"end":{"line":65,"column":null}}},"fnMap":{"0":{"name":"(anonymous_2)","decl":{"start":{"line":17,"column":2},"end":{"line":17,"column":null}},"loc":{"start":{"line":19,"column":39},"end":{"line":22,"column":3}}},"1":{"name":"(anonymous_3)","decl":{"start":{"line":24,"column":10},"end":{"line":24,"column":28}},"loc":{"start":{"line":24,"column":28},"end":{"line":32,"column":3}}},"2":{"name":"(anonymous_4)","decl":{"start":{"line":25,"column":31},"end":{"line":25,"column":32}},"loc":{"start":{"line":25,"column":50},"end":{"line":31,"column":5}}},"3":{"name":"(anonymous_5)","decl":{"start":{"line":27,"column":37},"end":{"line":27,"column":38}},"loc":{"start":{"line":27,"column":47},"end":{"line":27,"column":62}}},"4":{"name":"(anonymous_6)","decl":{"start":{"line":34,"column":2},"end":{"line":34,"column":12}},"loc":{"start":{"line":34,"column":63},"end":{"line":36,"column":3}}},"5":{"name":"(anonymous_7)","decl":{"start":{"line":38,"column":2},"end":{"line":38,"column":15}},"loc":{"start":{"line":38,"column":30},"end":{"line":46,"column":3}}},"6":{"name":"(anonymous_8)","decl":{"start":{"line":39,"column":42},"end":{"line":39,"column":43}},"loc":{"start":{"line":39,"column":47},"end":{"line":39,"column":65}}},"7":{"name":"(anonymous_9)","decl":{"start":{"line":45,"column":23},"end":{"line":45,"column":24}},"loc":{"start":{"line":45,"column":33},"end":{"line":45,"column":48}}},"8":{"name":"(anonymous_10)","decl":{"start":{"line":48,"column":2},"end":{"line":48,"column":19}},"loc":{"start":{"line":48,"column":19},"end":{"line":64,"column":3}}},"9":{"name":"(anonymous_11)","decl":{"start":{"line":50,"column":10},"end":{"line":50,"column":11}},"loc":{"start":{"line":50,"column":41},"end":{"line":62,"column":7}}}},"branchMap":{"0":{"loc":{"start":{"line":26,"column":6},"end":{"line":30,"column":7}},"type":"if","locations":[{"start":{"line":26,"column":6},"end":{"line":30,"column":7}},{"start":{"line":28,"column":13},"end":{"line":30,"column":7}}]},"1":{"loc":{"start":{"line":26,"column":10},"end":{"line":26,"column":27}},"type":"binary-expr","locations":[{"start":{"line":26,"column":10},"end":{"line":26,"column":16}},{"start":{"line":26,"column":20},"end":{"line":26,"column":27}}]},"2":{"loc":{"start":{"line":40,"column":4},"end":{"line":44,"column":5}},"type":"if","locations":[{"start":{"line":40,"column":4},"end":{"line":44,"column":5}},{"start":{"line":42,"column":11},"end":{"line":44,"column":5}}]}},"s":{"0":6,"1":6,"2":6,"3":6,"4":6,"5":6,"6":36,"7":36,"8":36,"9":36,"10":37,"11":36,"12":36,"13":1,"14":0,"15":4,"16":5,"17":2,"18":5,"19":1,"20":4,"21":5,"22":1,"23":1,"24":1,"25":1,"26":1,"27":6,"28":6},"f":{"0":36,"1":37,"2":36,"3":1,"4":4,"5":5,"6":2,"7":1,"8":1,"9":1},"b":{"0":[36,0],"1":[36,36],"2":[1,4]}}
}
