{"C:\\Users\\agard\\Documents\\IUT\\BUT3\\R6_05_Developpement_Avance\\TP\\realtime-elo-ranker-master\\apps\\realtime-elo-ranker-server\\src\\app.controller.ts": {"path":"C:\\Users\\agard\\Documents\\IUT\\BUT3\\R6_05_Developpement_Avance\\TP\\realtime-elo-ranker-master\\apps\\realtime-elo-ranker-server\\src\\app.controller.ts","statementMap":{"0":{"start":{"line":1,"column":0},"end":{"line":1,"column":49}},"1":{"start":{"line":2,"column":0},"end":{"line":2,"column":43}},"2":{"start":{"line":5,"column":7},"end":{"line":12,"column":null}},"3":{"start":{"line":6,"column":31},"end":{"line":6,"column":43}},"4":{"start":{"line":10,"column":4},"end":{"line":10,"column":38}},"5":{"start":{"line":5,"column":13},"end":{"line":5,"column":26}},"6":{"start":{"line":9,"column":2},"end":{"line":11,"column":null}},"7":{"start":{"line":5,"column":13},"end":{"line":12,"column":null}}},"fnMap":{"0":{"name":"(anonymous_2)","decl":{"start":{"line":6,"column":2},"end":{"line":6,"column":31}},"loc":{"start":{"line":6,"column":53},"end":{"line":6,"column":58}}},"1":{"name":"(anonymous_3)","decl":{"start":{"line":9,"column":2},"end":{"line":9,"column":10}},"loc":{"start":{"line":9,"column":10},"end":{"line":11,"column":3}}}},"branchMap":{},"s":{"0":1,"1":1,"2":1,"3":1,"4":1,"5":1,"6":1,"7":1},"f":{"0":1,"1":1},"b":{}}
,"C:\\Users\\agard\\Documents\\IUT\\BUT3\\R6_05_Developpement_Avance\\TP\\realtime-elo-ranker-master\\apps\\realtime-elo-ranker-server\\src\\app.module.ts": {"path":"C:\\Users\\agard\\Documents\\IUT\\BUT3\\R6_05_Developpement_Avance\\TP\\realtime-elo-ranker-master\\apps\\realtime-elo-ranker-server\\src\\app.module.ts","statementMap":{"0":{"start":{"line":1,"column":0},"end":{"line":1,"column":40}},"1":{"start":{"line":2,"column":0},"end":{"line":2,"column":48}},"2":{"start":{"line":3,"column":0},"end":{"line":3,"column":54}},"3":{"start":{"line":4,"column":0},"end":{"line":4,"column":51}},"4":{"start":{"line":5,"column":0},"end":{"line":5,"column":57}},"5":{"start":{"line":15,"column":7},"end":{"line":15,"column":null}},"6":{"start":{"line":15,"column":13},"end":{"line":15,"column":22}},"7":{"start":{"line":15,"column":13},"end":{"line":15,"column":null}}},"fnMap":{},"branchMap":{},"s":{"0":0,"1":0,"2":0,"3":0,"4":0,"5":0,"6":0,"7":0},"f":{},"b":{}}
,"C:\\Users\\agard\\Documents\\IUT\\BUT3\\R6_05_Developpement_Avance\\TP\\realtime-elo-ranker-master\\apps\\realtime-elo-ranker-server\\src\\app.service.ts": {"path":"C:\\Users\\agard\\Documents\\IUT\\BUT3\\R6_05_Developpement_Avance\\TP\\realtime-elo-ranker-master\\apps\\realtime-elo-ranker-server\\src\\app.service.ts","statementMap":{"0":{"start":{"line":1,"column":0},"end":{"line":1,"column":44}},"1":{"start":{"line":4,"column":7},"end":{"line":8,"column":null}},"2":{"start":{"line":6,"column":4},"end":{"line":6,"column":26}},"3":{"start":{"line":4,"column":13},"end":{"line":4,"column":23}},"4":{"start":{"line":4,"column":13},"end":{"line":8,"column":null}}},"fnMap":{"0":{"name":"(anonymous_1)","decl":{"start":{"line":5,"column":2},"end":{"line":5,"column":10}},"loc":{"start":{"line":5,"column":10},"end":{"line":7,"column":3}}}},"branchMap":{},"s":{"0":1,"1":1,"2":1,"3":1,"4":1},"f":{"0":1},"b":{}}
,"C:\\Users\\agard\\Documents\\IUT\\BUT3\\R6_05_Developpement_Avance\\TP\\realtime-elo-ranker-master\\apps\\realtime-elo-ranker-server\\src\\main.ts": {"path":"C:\\Users\\agard\\Documents\\IUT\\BUT3\\R6_05_Developpement_Avance\\TP\\realtime-elo-ranker-master\\apps\\realtime-elo-ranker-server\\src\\main.ts","statementMap":{"0":{"start":{"line":1,"column":0},"end":{"line":1,"column":43}},"1":{"start":{"line":2,"column":0},"end":{"line":2,"column":41}},"2":{"start":{"line":5,"column":14},"end":{"line":5,"column":49}},"3":{"start":{"line":6,"column":2},"end":{"line":6,"column":19}},"4":{"start":{"line":7,"column":2},"end":{"line":7,"column":45}},"5":{"start":{"line":9,"column":0},"end":{"line":9,"column":12}}},"fnMap":{"0":{"name":"bootstrap","decl":{"start":{"line":4,"column":15},"end":{"line":4,"column":24}},"loc":{"start":{"line":4,"column":24},"end":{"line":8,"column":1}}}},"branchMap":{"0":{"loc":{"start":{"line":7,"column":19},"end":{"line":7,"column":43}},"type":"binary-expr","locations":[{"start":{"line":7,"column":19},"end":{"line":7,"column":35}},{"start":{"line":7,"column":39},"end":{"line":7,"column":43}}]}},"s":{"0":0,"1":0,"2":0,"3":0,"4":0,"5":0},"f":{"0":0},"b":{"0":[0,0]}}
,"C:\\Users\\agard\\Documents\\IUT\\BUT3\\R6_05_Developpement_Avance\\TP\\realtime-elo-ranker-master\\apps\\realtime-elo-ranker-server\\src\\match\\match.module.ts": {"path":"C:\\Users\\agard\\Documents\\IUT\\BUT3\\R6_05_Developpement_Avance\\TP\\realtime-elo-ranker-master\\apps\\realtime-elo-ranker-server\\src\\match\\match.module.ts","statementMap":{"0":{"start":{"line":1,"column":0},"end":{"line":1,"column":40}},"1":{"start":{"line":2,"column":0},"end":{"line":2,"column":48}},"2":{"start":{"line":3,"column":0},"end":{"line":3,"column":56}},"3":{"start":{"line":4,"column":0},"end":{"line":4,"column":65}},"4":{"start":{"line":5,"column":0},"end":{"line":5,"column":48}},"5":{"start":{"line":6,"column":0},"end":{"line":6,"column":59}},"6":{"start":{"line":7,"column":0},"end":{"line":7,"column":56}},"7":{"start":{"line":8,"column":0},"end":{"line":8,"column":59}},"8":{"start":{"line":15,"column":7},"end":{"line":15,"column":null}},"9":{"start":{"line":15,"column":13},"end":{"line":15,"column":24}},"10":{"start":{"line":15,"column":13},"end":{"line":15,"column":null}}},"fnMap":{},"branchMap":{},"s":{"0":0,"1":0,"2":0,"3":0,"4":0,"5":0,"6":0,"7":0,"8":0,"9":0,"10":0},"f":{},"b":{}}
,"C:\\Users\\agard\\Documents\\IUT\\BUT3\\R6_05_Developpement_Avance\\TP\\realtime-elo-ranker-master\\apps\\realtime-elo-ranker-server\\src\\match\\controllers\\match.controller.ts": {"path":"C:\\Users\\agard\\Documents\\IUT\\BUT3\\R6_05_Developpement_Avance\\TP\\realtime-elo-ranker-master\\apps\\realtime-elo-ranker-server\\src\\match\\controllers\\match.controller.ts","statementMap":{"0":{"start":{"line":1,"column":0},"end":{"line":1,"column":151}},"1":{"start":{"line":2,"column":0},"end":{"line":2,"column":57}},"2":{"start":{"line":3,"column":0},"end":{"line":3,"column":57}},"3":{"start":{"line":7,"column":7},"end":{"line":29,"column":null}},"4":{"start":{"line":8,"column":31},"end":{"line":8,"column":45}},"5":{"start":{"line":12,"column":4},"end":{"line":27,"column":7}},"6":{"start":{"line":13,"column":6},"end":{"line":26,"column":9}},"7":{"start":{"line":14,"column":8},"end":{"line":14,"column":28}},"8":{"start":{"line":15,"column":8},"end":{"line":25,"column":9}},"9":{"start":{"line":16,"column":10},"end":{"line":22,"column":11}},"10":{"start":{"line":17,"column":12},"end":{"line":17,"column":63}},"11":{"start":{"line":18,"column":17},"end":{"line":22,"column":11}},"12":{"start":{"line":19,"column":12},"end":{"line":19,"column":63}},"13":{"start":{"line":21,"column":12},"end":{"line":21,"column":26}},"14":{"start":{"line":24,"column":10},"end":{"line":24,"column":147}},"15":{"start":{"line":7,"column":13},"end":{"line":7,"column":28}},"16":{"start":{"line":11,"column":2},"end":{"line":28,"column":null}},"17":{"start":{"line":7,"column":13},"end":{"line":29,"column":null}}},"fnMap":{"0":{"name":"(anonymous_4)","decl":{"start":{"line":8,"column":2},"end":{"line":8,"column":31}},"loc":{"start":{"line":8,"column":57},"end":{"line":8,"column":62}}},"1":{"name":"(anonymous_5)","decl":{"start":{"line":11,"column":2},"end":{"line":11,"column":8}},"loc":{"start":{"line":11,"column":47},"end":{"line":28,"column":3}}},"2":{"name":"(anonymous_6)","decl":{"start":{"line":12,"column":23},"end":{"line":12,"column":24}},"loc":{"start":{"line":12,"column":43},"end":{"line":27,"column":5}}},"3":{"name":"(anonymous_7)","decl":{"start":{"line":13,"column":47},"end":{"line":13,"column":48}},"loc":{"start":{"line":13,"column":65},"end":{"line":26,"column":7}}}},"branchMap":{"0":{"loc":{"start":{"line":15,"column":8},"end":{"line":25,"column":9}},"type":"if","locations":[{"start":{"line":15,"column":8},"end":{"line":25,"column":9}},{"start":{"line":23,"column":15},"end":{"line":25,"column":9}}]},"1":{"loc":{"start":{"line":16,"column":10},"end":{"line":22,"column":11}},"type":"if","locations":[{"start":{"line":16,"column":10},"end":{"line":22,"column":11}},{"start":{"line":18,"column":17},"end":{"line":22,"column":11}}]},"2":{"loc":{"start":{"line":18,"column":17},"end":{"line":22,"column":11}},"type":"if","locations":[{"start":{"line":18,"column":17},"end":{"line":22,"column":11}},{"start":{"line":20,"column":17},"end":{"line":22,"column":11}}]}},"s":{"0":1,"1":1,"2":1,"3":1,"4":1,"5":0,"6":0,"7":0,"8":0,"9":0,"10":0,"11":0,"12":0,"13":0,"14":0,"15":1,"16":1,"17":1},"f":{"0":1,"1":0,"2":0,"3":0},"b":{"0":[0,0],"1":[0,0],"2":[0,0]}}
,"C:\\Users\\agard\\Documents\\IUT\\BUT3\\R6_05_Developpement_Avance\\TP\\realtime-elo-ranker-master\\apps\\realtime-elo-ranker-server\\src\\match\\dto\\create-match.dto.ts": {"path":"C:\\Users\\agard\\Documents\\IUT\\BUT3\\R6_05_Developpement_Avance\\TP\\realtime-elo-ranker-master\\apps\\realtime-elo-ranker-server\\src\\match\\dto\\create-match.dto.ts","statementMap":{"0":{"start":{"line":1,"column":0},"end":{"line":1,"column":13}}},"fnMap":{},"branchMap":{},"s":{"0":1},"f":{},"b":{}}
,"C:\\Users\\agard\\Documents\\IUT\\BUT3\\R6_05_Developpement_Avance\\TP\\realtime-elo-ranker-master\\apps\\realtime-elo-ranker-server\\src\\match\\dto\\update-match.dto.ts": {"path":"C:\\Users\\agard\\Documents\\IUT\\BUT3\\R6_05_Developpement_Avance\\TP\\realtime-elo-ranker-master\\apps\\realtime-elo-ranker-server\\src\\match\\dto\\update-match.dto.ts","statementMap":{"0":{"start":{"line":1,"column":0},"end":{"line":1,"column":51}},"1":{"start":{"line":2,"column":0},"end":{"line":2,"column":52}},"2":{"start":{"line":4,"column":0},"end":{"line":4,"column":13}}},"fnMap":{},"branchMap":{},"s":{"0":0,"1":0,"2":0},"f":{},"b":{}}
,"C:\\Users\\agard\\Documents\\IUT\\BUT3\\R6_05_Developpement_Avance\\TP\\realtime-elo-ranker-master\\apps\\realtime-elo-ranker-server\\src\\match\\entities\\match.entity.ts": {"path":"C:\\Users\\agard\\Documents\\IUT\\BUT3\\R6_05_Developpement_Avance\\TP\\realtime-elo-ranker-master\\apps\\realtime-elo-ranker-server\\src\\match\\entities\\match.entity.ts","statementMap":{"0":{"start":{"line":1,"column":0},"end":{"line":1,"column":65}},"1":{"start":{"line":4,"column":7},"end":{"line":22,"column":null}},"2":{"start":{"line":4,"column":13},"end":{"line":4,"column":18}},"3":{"start":{"line":6,"column":4},"end":{"line":6,"column":null}},"4":{"start":{"line":9,"column":4},"end":{"line":9,"column":null}},"5":{"start":{"line":12,"column":4},"end":{"line":12,"column":null}},"6":{"start":{"line":15,"column":4},"end":{"line":15,"column":null}},"7":{"start":{"line":18,"column":4},"end":{"line":18,"column":null}},"8":{"start":{"line":21,"column":4},"end":{"line":21,"column":null}},"9":{"start":{"line":4,"column":13},"end":{"line":22,"column":null}}},"fnMap":{},"branchMap":{},"s":{"0":2,"1":2,"2":2,"3":2,"4":2,"5":2,"6":2,"7":2,"8":2,"9":2},"f":{},"b":{}}
,"C:\\Users\\agard\\Documents\\IUT\\BUT3\\R6_05_Developpement_Avance\\TP\\realtime-elo-ranker-master\\apps\\realtime-elo-ranker-server\\src\\match\\services\\match.service.ts": {"path":"C:\\Users\\agard\\Documents\\IUT\\BUT3\\R6_05_Developpement_Avance\\TP\\realtime-elo-ranker-master\\apps\\realtime-elo-ranker-server\\src\\match\\services\\match.service.ts","statementMap":{"0":{"start":{"line":1,"column":0},"end":{"line":1,"column":95}},"1":{"start":{"line":2,"column":0},"end":{"line":2,"column":51}},"2":{"start":{"line":3,"column":0},"end":{"line":3,"column":37}},"3":{"start":{"line":4,"column":0},"end":{"line":4,"column":49}},"4":{"start":{"line":5,"column":0},"end":{"line":5,"column":68}},"5":{"start":{"line":6,"column":0},"end":{"line":6,"column":72}},"6":{"start":{"line":11,"column":7},"end":{"line":109,"column":null}},"7":{"start":{"line":14,"column":12},"end":{"line":14,"column":29}},"8":{"start":{"line":15,"column":12},"end":{"line":15,"column":27}},"9":{"start":{"line":16,"column":12},"end":{"line":16,"column":28}},"10":{"start":{"line":20,"column":4},"end":{"line":26,"column":5}},"11":{"start":{"line":21,"column":6},"end":{"line":21,"column":99}},"12":{"start":{"line":22,"column":11},"end":{"line":26,"column":5}},"13":{"start":{"line":23,"column":6},"end":{"line":23,"column":90}},"14":{"start":{"line":25,"column":6},"end":{"line":25,"column":29}},"15":{"start":{"line":30,"column":14},"end":{"line":30,"column":16}},"16":{"start":{"line":31,"column":32},"end":{"line":31,"column":86}},"17":{"start":{"line":32,"column":31},"end":{"line":32,"column":85}},"18":{"start":{"line":35,"column":4},"end":{"line":41,"column":5}},"19":{"start":{"line":36,"column":6},"end":{"line":36,"column":79}},"20":{"start":{"line":37,"column":6},"end":{"line":37,"column":76}},"21":{"start":{"line":39,"column":6},"end":{"line":39,"column":77}},"22":{"start":{"line":40,"column":6},"end":{"line":40,"column":74}},"23":{"start":{"line":43,"column":4},"end":{"line":43,"column":43}},"24":{"start":{"line":47,"column":4},"end":{"line":91,"column":7}},"25":{"start":{"line":48,"column":6},"end":{"line":50,"column":7}},"26":{"start":{"line":49,"column":8},"end":{"line":49,"column":66}},"27":{"start":{"line":51,"column":6},"end":{"line":90,"column":9}},"28":{"start":{"line":52,"column":8},"end":{"line":54,"column":9}},"29":{"start":{"line":53,"column":10},"end":{"line":53,"column":68}},"30":{"start":{"line":56,"column":48},"end":{"line":56,"column":111}},"31":{"start":{"line":58,"column":8},"end":{"line":58,"column":36}},"32":{"start":{"line":59,"column":8},"end":{"line":59,"column":34}},"33":{"start":{"line":61,"column":22},"end":{"line":61,"column":33}},"34":{"start":{"line":62,"column":8},"end":{"line":62,"column":35}},"35":{"start":{"line":63,"column":8},"end":{"line":63,"column":39}},"36":{"start":{"line":64,"column":8},"end":{"line":64,"column":33}},"37":{"start":{"line":65,"column":8},"end":{"line":65,"column":37}},"38":{"start":{"line":66,"column":8},"end":{"line":66,"column":41}},"39":{"start":{"line":68,"column":8},"end":{"line":71,"column":11}},"40":{"start":{"line":72,"column":8},"end":{"line":75,"column":11}},"41":{"start":{"line":77,"column":8},"end":{"line":89,"column":43}},"42":{"start":{"line":78,"column":10},"end":{"line":88,"column":13}},"43":{"start":{"line":79,"column":12},"end":{"line":81,"column":13}},"44":{"start":{"line":80,"column":14},"end":{"line":80,"column":37}},"45":{"start":{"line":82,"column":12},"end":{"line":87,"column":15}},"46":{"start":{"line":83,"column":14},"end":{"line":85,"column":15}},"47":{"start":{"line":84,"column":16},"end":{"line":84,"column":39}},"48":{"start":{"line":86,"column":14},"end":{"line":86,"column":41}},"49":{"start":{"line":89,"column":26},"end":{"line":89,"column":41}},"50":{"start":{"line":95,"column":4},"end":{"line":97,"column":5}},"51":{"start":{"line":96,"column":6},"end":{"line":96,"column":92}},"52":{"start":{"line":98,"column":4},"end":{"line":107,"column":9}},"53":{"start":{"line":100,"column":8},"end":{"line":102,"column":9}},"54":{"start":{"line":101,"column":10},"end":{"line":101,"column":86}},"55":{"start":{"line":103,"column":8},"end":{"line":103,"column":30}},"56":{"start":{"line":106,"column":8},"end":{"line":106,"column":24}},"57":{"start":{"line":11,"column":13},"end":{"line":11,"column":25}},"58":{"start":{"line":11,"column":13},"end":{"line":109,"column":null}}},"fnMap":{"0":{"name":"(anonymous_4)","decl":{"start":{"line":12,"column":2},"end":{"line":12,"column":null}},"loc":{"start":{"line":16,"column":42},"end":{"line":17,"column":7}}},"1":{"name":"(anonymous_5)","decl":{"start":{"line":19,"column":2},"end":{"line":19,"column":19}},"loc":{"start":{"line":19,"column":90},"end":{"line":27,"column":3}}},"2":{"name":"(anonymous_6)","decl":{"start":{"line":29,"column":2},"end":{"line":29,"column":14}},"loc":{"start":{"line":29,"column":67},"end":{"line":44,"column":3}}},"3":{"name":"(anonymous_7)","decl":{"start":{"line":46,"column":2},"end":{"line":46,"column":8}},"loc":{"start":{"line":46,"column":85},"end":{"line":92,"column":3}}},"4":{"name":"(anonymous_8)","decl":{"start":{"line":47,"column":54},"end":{"line":47,"column":55}},"loc":{"start":{"line":47,"column":72},"end":{"line":91,"column":5}}},"5":{"name":"(anonymous_9)","decl":{"start":{"line":51,"column":55},"end":{"line":51,"column":56}},"loc":{"start":{"line":51,"column":72},"end":{"line":90,"column":7}}},"6":{"name":"(anonymous_10)","decl":{"start":{"line":77,"column":46},"end":{"line":77,"column":56}},"loc":{"start":{"line":77,"column":59},"end":{"line":89,"column":9}}},"7":{"name":"(anonymous_11)","decl":{"start":{"line":78,"column":44},"end":{"line":78,"column":45}},"loc":{"start":{"line":78,"column":54},"end":{"line":88,"column":11}}},"8":{"name":"(anonymous_12)","decl":{"start":{"line":82,"column":45},"end":{"line":82,"column":46}},"loc":{"start":{"line":82,"column":55},"end":{"line":87,"column":13}}},"9":{"name":"(anonymous_13)","decl":{"start":{"line":89,"column":17},"end":{"line":89,"column":22}},"loc":{"start":{"line":89,"column":26},"end":{"line":89,"column":41}}},"10":{"name":"(anonymous_14)","decl":{"start":{"line":94,"column":2},"end":{"line":94,"column":9}},"loc":{"start":{"line":94,"column":66},"end":{"line":108,"column":3}}},"11":{"name":"(anonymous_15)","decl":{"start":{"line":99,"column":12},"end":{"line":99,"column":17}},"loc":{"start":{"line":99,"column":20},"end":{"line":104,"column":7}}},"12":{"name":"(anonymous_16)","decl":{"start":{"line":105,"column":13},"end":{"line":105,"column":18}},"loc":{"start":{"line":105,"column":21},"end":{"line":107,"column":7}}}},"branchMap":{"0":{"loc":{"start":{"line":20,"column":4},"end":{"line":26,"column":5}},"type":"if","locations":[{"start":{"line":20,"column":4},"end":{"line":26,"column":5}},{"start":{"line":22,"column":11},"end":{"line":26,"column":5}}]},"1":{"loc":{"start":{"line":22,"column":11},"end":{"line":26,"column":5}},"type":"if","locations":[{"start":{"line":22,"column":11},"end":{"line":26,"column":5}},{"start":{"line":24,"column":11},"end":{"line":26,"column":5}}]},"2":{"loc":{"start":{"line":35,"column":4},"end":{"line":41,"column":5}},"type":"if","locations":[{"start":{"line":35,"column":4},"end":{"line":41,"column":5}},{"start":{"line":38,"column":11},"end":{"line":41,"column":5}}]},"3":{"loc":{"start":{"line":48,"column":6},"end":{"line":50,"column":7}},"type":"if","locations":[{"start":{"line":48,"column":6},"end":{"line":50,"column":7}}]},"4":{"loc":{"start":{"line":52,"column":8},"end":{"line":54,"column":9}},"type":"if","locations":[{"start":{"line":52,"column":8},"end":{"line":54,"column":9}}]},"5":{"loc":{"start":{"line":79,"column":12},"end":{"line":81,"column":13}},"type":"if","locations":[{"start":{"line":79,"column":12},"end":{"line":81,"column":13}}]},"6":{"loc":{"start":{"line":83,"column":14},"end":{"line":85,"column":15}},"type":"if","locations":[{"start":{"line":83,"column":14},"end":{"line":85,"column":15}}]},"7":{"loc":{"start":{"line":95,"column":4},"end":{"line":97,"column":5}},"type":"if","locations":[{"start":{"line":95,"column":4},"end":{"line":97,"column":5}}]},"8":{"loc":{"start":{"line":100,"column":8},"end":{"line":102,"column":9}},"type":"if","locations":[{"start":{"line":100,"column":8},"end":{"line":102,"column":9}}]}},"s":{"0":2,"1":2,"2":2,"3":2,"4":2,"5":2,"6":2,"7":2,"8":2,"9":2,"10":0,"11":0,"12":0,"13":0,"14":0,"15":0,"16":0,"17":0,"18":0,"19":0,"20":0,"21":0,"22":0,"23":0,"24":0,"25":0,"26":0,"27":0,"28":0,"29":0,"30":0,"31":0,"32":0,"33":0,"34":0,"35":0,"36":0,"37":0,"38":0,"39":0,"40":0,"41":0,"42":0,"43":0,"44":0,"45":0,"46":0,"47":0,"48":0,"49":0,"50":0,"51":0,"52":0,"53":0,"54":0,"55":0,"56":0,"57":2,"58":2},"f":{"0":2,"1":0,"2":0,"3":0,"4":0,"5":0,"6":0,"7":0,"8":0,"9":0,"10":0,"11":0,"12":0},"b":{"0":[0,0],"1":[0,0],"2":[0,0],"3":[0],"4":[0],"5":[0],"6":[0],"7":[0],"8":[0]}}
,"C:\\Users\\agard\\Documents\\IUT\\BUT3\\R6_05_Developpement_Avance\\TP\\realtime-elo-ranker-master\\apps\\realtime-elo-ranker-server\\src\\player\\player.module.ts": {"path":"C:\\Users\\agard\\Documents\\IUT\\BUT3\\R6_05_Developpement_Avance\\TP\\realtime-elo-ranker-master\\apps\\realtime-elo-ranker-server\\src\\player\\player.module.ts","statementMap":{"0":{"start":{"line":1,"column":0},"end":{"line":1,"column":40}},"1":{"start":{"line":2,"column":0},"end":{"line":2,"column":48}},"2":{"start":{"line":3,"column":0},"end":{"line":3,"column":66}},"3":{"start":{"line":4,"column":0},"end":{"line":4,"column":75}},"4":{"start":{"line":5,"column":0},"end":{"line":5,"column":50}},"5":{"start":{"line":6,"column":0},"end":{"line":6,"column":58}},"6":{"start":{"line":17,"column":7},"end":{"line":17,"column":null}},"7":{"start":{"line":17,"column":13},"end":{"line":17,"column":25}},"8":{"start":{"line":17,"column":13},"end":{"line":17,"column":null}}},"fnMap":{},"branchMap":{},"s":{"0":0,"1":0,"2":0,"3":0,"4":0,"5":0,"6":0,"7":0,"8":0},"f":{},"b":{}}
,"C:\\Users\\agard\\Documents\\IUT\\BUT3\\R6_05_Developpement_Avance\\TP\\realtime-elo-ranker-master\\apps\\realtime-elo-ranker-server\\src\\player\\controllers\\player.controller.ts": {"path":"C:\\Users\\agard\\Documents\\IUT\\BUT3\\R6_05_Developpement_Avance\\TP\\realtime-elo-ranker-master\\apps\\realtime-elo-ranker-server\\src\\player\\controllers\\player.controller.ts","statementMap":{"0":{"start":{"line":1,"column":0},"end":{"line":1,"column":138}},"1":{"start":{"line":2,"column":0},"end":{"line":2,"column":59}},"2":{"start":{"line":3,"column":0},"end":{"line":3,"column":59}},"3":{"start":{"line":6,"column":7},"end":{"line":27,"column":null}},"4":{"start":{"line":7,"column":31},"end":{"line":7,"column":46}},"5":{"start":{"line":11,"column":4},"end":{"line":25,"column":7}},"6":{"start":{"line":12,"column":6},"end":{"line":24,"column":9}},"7":{"start":{"line":13,"column":8},"end":{"line":23,"column":9}},"8":{"start":{"line":14,"column":10},"end":{"line":20,"column":11}},"9":{"start":{"line":15,"column":12},"end":{"line":15,"column":59}},"10":{"start":{"line":16,"column":17},"end":{"line":20,"column":11}},"11":{"start":{"line":17,"column":12},"end":{"line":17,"column":59}},"12":{"start":{"line":19,"column":12},"end":{"line":19,"column":26}},"13":{"start":{"line":22,"column":10},"end":{"line":22,"column":26}},"14":{"start":{"line":6,"column":13},"end":{"line":6,"column":29}},"15":{"start":{"line":10,"column":2},"end":{"line":26,"column":null}},"16":{"start":{"line":6,"column":13},"end":{"line":27,"column":null}}},"fnMap":{"0":{"name":"(anonymous_4)","decl":{"start":{"line":7,"column":2},"end":{"line":7,"column":31}},"loc":{"start":{"line":7,"column":59},"end":{"line":7,"column":64}}},"1":{"name":"(anonymous_5)","decl":{"start":{"line":10,"column":2},"end":{"line":10,"column":8}},"loc":{"start":{"line":10,"column":49},"end":{"line":26,"column":3}}},"2":{"name":"(anonymous_6)","decl":{"start":{"line":11,"column":23},"end":{"line":11,"column":24}},"loc":{"start":{"line":11,"column":43},"end":{"line":25,"column":5}}},"3":{"name":"(anonymous_7)","decl":{"start":{"line":12,"column":49},"end":{"line":12,"column":50}},"loc":{"start":{"line":12,"column":67},"end":{"line":24,"column":7}}}},"branchMap":{"0":{"loc":{"start":{"line":13,"column":8},"end":{"line":23,"column":9}},"type":"if","locations":[{"start":{"line":13,"column":8},"end":{"line":23,"column":9}},{"start":{"line":21,"column":15},"end":{"line":23,"column":9}}]},"1":{"loc":{"start":{"line":14,"column":10},"end":{"line":20,"column":11}},"type":"if","locations":[{"start":{"line":14,"column":10},"end":{"line":20,"column":11}},{"start":{"line":16,"column":17},"end":{"line":20,"column":11}}]},"2":{"loc":{"start":{"line":16,"column":17},"end":{"line":20,"column":11}},"type":"if","locations":[{"start":{"line":16,"column":17},"end":{"line":20,"column":11}},{"start":{"line":18,"column":17},"end":{"line":20,"column":11}}]}},"s":{"0":1,"1":1,"2":1,"3":1,"4":1,"5":0,"6":0,"7":0,"8":0,"9":0,"10":0,"11":0,"12":0,"13":0,"14":1,"15":1,"16":1},"f":{"0":1,"1":0,"2":0,"3":0},"b":{"0":[0,0],"1":[0,0],"2":[0,0]}}
,"C:\\Users\\agard\\Documents\\IUT\\BUT3\\R6_05_Developpement_Avance\\TP\\realtime-elo-ranker-master\\apps\\realtime-elo-ranker-server\\src\\player\\dto\\create-player.dto.ts": {"path":"C:\\Users\\agard\\Documents\\IUT\\BUT3\\R6_05_Developpement_Avance\\TP\\realtime-elo-ranker-master\\apps\\realtime-elo-ranker-server\\src\\player\\dto\\create-player.dto.ts","statementMap":{"0":{"start":{"line":1,"column":0},"end":{"line":1,"column":13}}},"fnMap":{},"branchMap":{},"s":{"0":1},"f":{},"b":{}}
,"C:\\Users\\agard\\Documents\\IUT\\BUT3\\R6_05_Developpement_Avance\\TP\\realtime-elo-ranker-master\\apps\\realtime-elo-ranker-server\\src\\player\\dto\\update-player.dto.ts": {"path":"C:\\Users\\agard\\Documents\\IUT\\BUT3\\R6_05_Developpement_Avance\\TP\\realtime-elo-ranker-master\\apps\\realtime-elo-ranker-server\\src\\player\\dto\\update-player.dto.ts","statementMap":{"0":{"start":{"line":1,"column":0},"end":{"line":1,"column":51}},"1":{"start":{"line":2,"column":0},"end":{"line":2,"column":54}},"2":{"start":{"line":4,"column":0},"end":{"line":4,"column":13}}},"fnMap":{},"branchMap":{},"s":{"0":0,"1":0,"2":0},"f":{},"b":{}}
,"C:\\Users\\agard\\Documents\\IUT\\BUT3\\R6_05_Developpement_Avance\\TP\\realtime-elo-ranker-master\\apps\\realtime-elo-ranker-server\\src\\player\\entities\\player.entity.ts": {"path":"C:\\Users\\agard\\Documents\\IUT\\BUT3\\R6_05_Developpement_Avance\\TP\\realtime-elo-ranker-master\\apps\\realtime-elo-ranker-server\\src\\player\\entities\\player.entity.ts","statementMap":{"0":{"start":{"line":1,"column":0},"end":{"line":1,"column":56}},"1":{"start":{"line":4,"column":7},"end":{"line":10,"column":null}},"2":{"start":{"line":4,"column":13},"end":{"line":4,"column":19}},"3":{"start":{"line":6,"column":2},"end":{"line":6,"column":null}},"4":{"start":{"line":9,"column":2},"end":{"line":9,"column":null}},"5":{"start":{"line":4,"column":13},"end":{"line":10,"column":null}}},"fnMap":{},"branchMap":{},"s":{"0":6,"1":6,"2":6,"3":6,"4":6,"5":6},"f":{},"b":{}}
,"C:\\Users\\agard\\Documents\\IUT\\BUT3\\R6_05_Developpement_Avance\\TP\\realtime-elo-ranker-master\\apps\\realtime-elo-ranker-server\\src\\player\\services\\player.service.ts": {"path":"C:\\Users\\agard\\Documents\\IUT\\BUT3\\R6_05_Developpement_Avance\\TP\\realtime-elo-ranker-master\\apps\\realtime-elo-ranker-server\\src\\player\\services\\player.service.ts","statementMap":{"0":{"start":{"line":1,"column":0},"end":{"line":1,"column":114}},"1":{"start":{"line":2,"column":0},"end":{"line":2,"column":51}},"2":{"start":{"line":3,"column":0},"end":{"line":3,"column":37}},"3":{"start":{"line":4,"column":0},"end":{"line":4,"column":51}},"4":{"start":{"line":6,"column":0},"end":{"line":6,"column":72}},"5":{"start":{"line":9,"column":7},"end":{"line":87,"column":null}},"6":{"start":{"line":12,"column":12},"end":{"line":12,"column":30}},"7":{"start":{"line":13,"column":12},"end":{"line":13,"column":28}},"8":{"start":{"line":17,"column":4},"end":{"line":19,"column":5}},"9":{"start":{"line":18,"column":6},"end":{"line":18,"column":93}},"10":{"start":{"line":21,"column":4},"end":{"line":46,"column":9}},"11":{"start":{"line":23,"column":8},"end":{"line":25,"column":9}},"12":{"start":{"line":24,"column":10},"end":{"line":24,"column":74}},"13":{"start":{"line":27,"column":8},"end":{"line":45,"column":13}},"14":{"start":{"line":29,"column":30},"end":{"line":29,"column":83}},"15":{"start":{"line":29,"column":62},"end":{"line":29,"column":79}},"16":{"start":{"line":30,"column":32},"end":{"line":30,"column":94}},"17":{"start":{"line":32,"column":27},"end":{"line":32,"column":39}},"18":{"start":{"line":33,"column":12},"end":{"line":33,"column":43}},"19":{"start":{"line":34,"column":12},"end":{"line":34,"column":62}},"20":{"start":{"line":36,"column":12},"end":{"line":44,"column":47}},"21":{"start":{"line":38,"column":16},"end":{"line":41,"column":19}},"22":{"start":{"line":42,"column":16},"end":{"line":42,"column":44}},"23":{"start":{"line":44,"column":30},"end":{"line":44,"column":45}},"24":{"start":{"line":50,"column":4},"end":{"line":52,"column":5}},"25":{"start":{"line":51,"column":6},"end":{"line":51,"column":93}},"26":{"start":{"line":54,"column":4},"end":{"line":61,"column":39}},"27":{"start":{"line":56,"column":8},"end":{"line":58,"column":9}},"28":{"start":{"line":57,"column":10},"end":{"line":57,"column":87}},"29":{"start":{"line":59,"column":8},"end":{"line":59,"column":31}},"30":{"start":{"line":61,"column":22},"end":{"line":61,"column":37}},"31":{"start":{"line":65,"column":4},"end":{"line":67,"column":5}},"32":{"start":{"line":66,"column":6},"end":{"line":66,"column":93}},"33":{"start":{"line":69,"column":4},"end":{"line":85,"column":39}},"34":{"start":{"line":71,"column":8},"end":{"line":73,"column":9}},"35":{"start":{"line":72,"column":10},"end":{"line":72,"column":87}},"36":{"start":{"line":75,"column":8},"end":{"line":83,"column":43}},"37":{"start":{"line":77,"column":12},"end":{"line":80,"column":15}},"38":{"start":{"line":81,"column":12},"end":{"line":81,"column":27}},"39":{"start":{"line":83,"column":26},"end":{"line":83,"column":41}},"40":{"start":{"line":85,"column":22},"end":{"line":85,"column":37}},"41":{"start":{"line":9,"column":13},"end":{"line":9,"column":26}},"42":{"start":{"line":9,"column":13},"end":{"line":87,"column":null}}},"fnMap":{"0":{"name":"(anonymous_4)","decl":{"start":{"line":10,"column":2},"end":{"line":10,"column":null}},"loc":{"start":{"line":13,"column":42},"end":{"line":14,"column":7}}},"1":{"name":"(anonymous_5)","decl":{"start":{"line":16,"column":2},"end":{"line":16,"column":8}},"loc":{"start":{"line":16,"column":87},"end":{"line":47,"column":3}}},"2":{"name":"(anonymous_6)","decl":{"start":{"line":22,"column":12},"end":{"line":22,"column":26}},"loc":{"start":{"line":22,"column":29},"end":{"line":46,"column":7}}},"3":{"name":"(anonymous_7)","decl":{"start":{"line":28,"column":16},"end":{"line":28,"column":23}},"loc":{"start":{"line":28,"column":26},"end":{"line":45,"column":11}}},"4":{"name":"(anonymous_8)","decl":{"start":{"line":29,"column":45},"end":{"line":29,"column":46}},"loc":{"start":{"line":29,"column":62},"end":{"line":29,"column":79}}},"5":{"name":"(anonymous_9)","decl":{"start":{"line":37,"column":20},"end":{"line":37,"column":31}},"loc":{"start":{"line":37,"column":34},"end":{"line":43,"column":15}}},"6":{"name":"(anonymous_10)","decl":{"start":{"line":44,"column":21},"end":{"line":44,"column":26}},"loc":{"start":{"line":44,"column":30},"end":{"line":44,"column":45}}},"7":{"name":"(anonymous_11)","decl":{"start":{"line":49,"column":2},"end":{"line":49,"column":9}},"loc":{"start":{"line":49,"column":66},"end":{"line":62,"column":3}}},"8":{"name":"(anonymous_12)","decl":{"start":{"line":55,"column":12},"end":{"line":55,"column":18}},"loc":{"start":{"line":55,"column":21},"end":{"line":60,"column":7}}},"9":{"name":"(anonymous_13)","decl":{"start":{"line":61,"column":13},"end":{"line":61,"column":18}},"loc":{"start":{"line":61,"column":22},"end":{"line":61,"column":37}}},"10":{"name":"(anonymous_14)","decl":{"start":{"line":64,"column":2},"end":{"line":64,"column":8}},"loc":{"start":{"line":64,"column":55},"end":{"line":86,"column":3}}},"11":{"name":"(anonymous_15)","decl":{"start":{"line":70,"column":12},"end":{"line":70,"column":26}},"loc":{"start":{"line":70,"column":29},"end":{"line":84,"column":7}}},"12":{"name":"(anonymous_16)","decl":{"start":{"line":76,"column":16},"end":{"line":76,"column":19}},"loc":{"start":{"line":76,"column":21},"end":{"line":82,"column":11}}},"13":{"name":"(anonymous_17)","decl":{"start":{"line":83,"column":17},"end":{"line":83,"column":22}},"loc":{"start":{"line":83,"column":26},"end":{"line":83,"column":41}}},"14":{"name":"(anonymous_18)","decl":{"start":{"line":85,"column":13},"end":{"line":85,"column":18}},"loc":{"start":{"line":85,"column":22},"end":{"line":85,"column":37}}}},"branchMap":{"0":{"loc":{"start":{"line":17,"column":4},"end":{"line":19,"column":5}},"type":"if","locations":[{"start":{"line":17,"column":4},"end":{"line":19,"column":5}}]},"1":{"loc":{"start":{"line":23,"column":8},"end":{"line":25,"column":9}},"type":"if","locations":[{"start":{"line":23,"column":8},"end":{"line":25,"column":9}}]},"2":{"loc":{"start":{"line":30,"column":32},"end":{"line":30,"column":94}},"type":"cond-expr","locations":[{"start":{"line":30,"column":49},"end":{"line":30,"column":87}},{"start":{"line":30,"column":90},"end":{"line":30,"column":94}}]},"3":{"loc":{"start":{"line":34,"column":26},"end":{"line":34,"column":61}},"type":"binary-expr","locations":[{"start":{"line":34,"column":26},"end":{"line":34,"column":46}},{"start":{"line":34,"column":50},"end":{"line":34,"column":61}}]},"4":{"loc":{"start":{"line":50,"column":4},"end":{"line":52,"column":5}},"type":"if","locations":[{"start":{"line":50,"column":4},"end":{"line":52,"column":5}}]},"5":{"loc":{"start":{"line":56,"column":8},"end":{"line":58,"column":9}},"type":"if","locations":[{"start":{"line":56,"column":8},"end":{"line":58,"column":9}}]},"6":{"loc":{"start":{"line":65,"column":4},"end":{"line":67,"column":5}},"type":"if","locations":[{"start":{"line":65,"column":4},"end":{"line":67,"column":5}}]},"7":{"loc":{"start":{"line":71,"column":8},"end":{"line":73,"column":9}},"type":"if","locations":[{"start":{"line":71,"column":8},"end":{"line":73,"column":9}}]}},"s":{"0":4,"1":4,"2":4,"3":4,"4":4,"5":4,"6":4,"7":4,"8":0,"9":0,"10":0,"11":0,"12":0,"13":0,"14":0,"15":0,"16":0,"17":0,"18":0,"19":0,"20":0,"21":0,"22":0,"23":0,"24":0,"25":0,"26":0,"27":0,"28":0,"29":0,"30":0,"31":0,"32":0,"33":0,"34":0,"35":0,"36":0,"37":0,"38":0,"39":0,"40":0,"41":4,"42":4},"f":{"0":4,"1":0,"2":0,"3":0,"4":0,"5":0,"6":0,"7":0,"8":0,"9":0,"10":0,"11":0,"12":0,"13":0,"14":0},"b":{"0":[0],"1":[0],"2":[0,0],"3":[0,0],"4":[0],"5":[0],"6":[0],"7":[0]}}
,"C:\\Users\\agard\\Documents\\IUT\\BUT3\\R6_05_Developpement_Avance\\TP\\realtime-elo-ranker-master\\apps\\realtime-elo-ranker-server\\src\\ranking\\ranking.module.ts": {"path":"C:\\Users\\agard\\Documents\\IUT\\BUT3\\R6_05_Developpement_Avance\\TP\\realtime-elo-ranker-master\\apps\\realtime-elo-ranker-server\\src\\ranking\\ranking.module.ts","statementMap":{"0":{"start":{"line":1,"column":0},"end":{"line":1,"column":40}},"1":{"start":{"line":2,"column":0},"end":{"line":2,"column":48}},"2":{"start":{"line":3,"column":0},"end":{"line":3,"column":59}},"3":{"start":{"line":4,"column":0},"end":{"line":4,"column":60}},"4":{"start":{"line":5,"column":0},"end":{"line":5,"column":69}},"5":{"start":{"line":6,"column":0},"end":{"line":6,"column":58}},"6":{"start":{"line":17,"column":7},"end":{"line":17,"column":null}},"7":{"start":{"line":17,"column":13},"end":{"line":17,"column":26}},"8":{"start":{"line":17,"column":13},"end":{"line":17,"column":null}}},"fnMap":{},"branchMap":{},"s":{"0":0,"1":0,"2":0,"3":0,"4":0,"5":0,"6":0,"7":0,"8":0},"f":{},"b":{}}
,"C:\\Users\\agard\\Documents\\IUT\\BUT3\\R6_05_Developpement_Avance\\TP\\realtime-elo-ranker-master\\apps\\realtime-elo-ranker-server\\src\\ranking\\controllers\\ranking.controller.ts": {"path":"C:\\Users\\agard\\Documents\\IUT\\BUT3\\R6_05_Developpement_Avance\\TP\\realtime-elo-ranker-master\\apps\\realtime-elo-ranker-server\\src\\ranking\\controllers\\ranking.controller.ts","statementMap":{"0":{"start":{"line":1,"column":0},"end":{"line":1,"column":73}},"1":{"start":{"line":2,"column":0},"end":{"line":2,"column":34}},"2":{"start":{"line":3,"column":0},"end":{"line":3,"column":61}},"3":{"start":{"line":6,"column":7},"end":{"line":32,"column":null}},"4":{"start":{"line":7,"column":31},"end":{"line":7,"column":47}},"5":{"start":{"line":11,"column":4},"end":{"line":24,"column":7}},"6":{"start":{"line":12,"column":6},"end":{"line":23,"column":9}},"7":{"start":{"line":13,"column":8},"end":{"line":15,"column":9}},"8":{"start":{"line":14,"column":10},"end":{"line":14,"column":31}},"9":{"start":{"line":16,"column":8},"end":{"line":21,"column":9}},"10":{"start":{"line":17,"column":10},"end":{"line":20,"column":14}},"11":{"start":{"line":22,"column":8},"end":{"line":22,"column":25}},"12":{"start":{"line":29,"column":4},"end":{"line":29,"column":24}},"13":{"start":{"line":30,"column":4},"end":{"line":30,"column":51}},"14":{"start":{"line":6,"column":13},"end":{"line":6,"column":30}},"15":{"start":{"line":10,"column":2},"end":{"line":25,"column":null}},"16":{"start":{"line":28,"column":2},"end":{"line":31,"column":null}},"17":{"start":{"line":6,"column":13},"end":{"line":32,"column":null}}},"fnMap":{"0":{"name":"(anonymous_2)","decl":{"start":{"line":7,"column":2},"end":{"line":7,"column":31}},"loc":{"start":{"line":7,"column":61},"end":{"line":7,"column":66}}},"1":{"name":"(anonymous_3)","decl":{"start":{"line":10,"column":2},"end":{"line":10,"column":12}},"loc":{"start":{"line":10,"column":12},"end":{"line":25,"column":3}}},"2":{"name":"(anonymous_4)","decl":{"start":{"line":11,"column":23},"end":{"line":11,"column":24}},"loc":{"start":{"line":11,"column":43},"end":{"line":24,"column":5}}},"3":{"name":"(anonymous_5)","decl":{"start":{"line":12,"column":37},"end":{"line":12,"column":38}},"loc":{"start":{"line":12,"column":56},"end":{"line":23,"column":7}}},"4":{"name":"(anonymous_6)","decl":{"start":{"line":28,"column":2},"end":{"line":28,"column":27}},"loc":{"start":{"line":28,"column":27},"end":{"line":31,"column":3}}}},"branchMap":{"0":{"loc":{"start":{"line":13,"column":8},"end":{"line":15,"column":9}},"type":"if","locations":[{"start":{"line":13,"column":8},"end":{"line":15,"column":9}}]},"1":{"loc":{"start":{"line":16,"column":8},"end":{"line":21,"column":9}},"type":"if","locations":[{"start":{"line":16,"column":8},"end":{"line":21,"column":9}}]},"2":{"loc":{"start":{"line":16,"column":12},"end":{"line":16,"column":44}},"type":"binary-expr","locations":[{"start":{"line":16,"column":12},"end":{"line":16,"column":20}},{"start":{"line":16,"column":24},"end":{"line":16,"column":44}}]}},"s":{"0":1,"1":1,"2":1,"3":1,"4":1,"5":0,"6":0,"7":0,"8":0,"9":0,"10":0,"11":0,"12":0,"13":0,"14":1,"15":1,"16":1,"17":1},"f":{"0":1,"1":0,"2":0,"3":0,"4":0},"b":{"0":[0],"1":[0],"2":[0,0]}}
,"C:\\Users\\agard\\Documents\\IUT\\BUT3\\R6_05_Developpement_Avance\\TP\\realtime-elo-ranker-master\\apps\\realtime-elo-ranker-server\\src\\ranking\\services\\ranking.service.ts": {"path":"C:\\Users\\agard\\Documents\\IUT\\BUT3\\R6_05_Developpement_Avance\\TP\\realtime-elo-ranker-master\\apps\\realtime-elo-ranker-server\\src\\ranking\\services\\ranking.service.ts","statementMap":{"0":{"start":{"line":1,"column":0},"end":{"line":1,"column":44}},"1":{"start":{"line":2,"column":0},"end":{"line":2,"column":51}},"2":{"start":{"line":3,"column":0},"end":{"line":3,"column":37}},"3":{"start":{"line":4,"column":0},"end":{"line":4,"column":45}},"4":{"start":{"line":5,"column":0},"end":{"line":5,"column":37}},"5":{"start":{"line":6,"column":0},"end":{"line":6,"column":54}},"6":{"start":{"line":7,"column":0},"end":{"line":7,"column":61}},"7":{"start":{"line":15,"column":7},"end":{"line":52,"column":null}},"8":{"start":{"line":20,"column":12},"end":{"line":20,"column":30}},"9":{"start":{"line":16,"column":19},"end":{"line":16,"column":56}},"10":{"start":{"line":24,"column":4},"end":{"line":30,"column":9}},"11":{"start":{"line":26,"column":8},"end":{"line":26,"column":32}},"12":{"start":{"line":29,"column":8},"end":{"line":29,"column":24}},"13":{"start":{"line":34,"column":4},"end":{"line":46,"column":6}},"14":{"start":{"line":36,"column":28},"end":{"line":39,"column":10}},"15":{"start":{"line":40,"column":8},"end":{"line":44,"column":11}},"16":{"start":{"line":50,"column":4},"end":{"line":50,"column":54}},"17":{"start":{"line":15,"column":13},"end":{"line":15,"column":27}},"18":{"start":{"line":15,"column":13},"end":{"line":52,"column":null}}},"fnMap":{"0":{"name":"(anonymous_4)","decl":{"start":{"line":18,"column":2},"end":{"line":18,"column":null}},"loc":{"start":{"line":20,"column":48},"end":{"line":21,"column":7}}},"1":{"name":"(anonymous_5)","decl":{"start":{"line":23,"column":2},"end":{"line":23,"column":12}},"loc":{"start":{"line":23,"column":63},"end":{"line":31,"column":3}}},"2":{"name":"(anonymous_6)","decl":{"start":{"line":25,"column":12},"end":{"line":25,"column":19}},"loc":{"start":{"line":25,"column":22},"end":{"line":27,"column":7}}},"3":{"name":"(anonymous_7)","decl":{"start":{"line":28,"column":13},"end":{"line":28,"column":18}},"loc":{"start":{"line":28,"column":21},"end":{"line":30,"column":7}}},"4":{"name":"(anonymous_8)","decl":{"start":{"line":33,"column":2},"end":{"line":33,"column":19}},"loc":{"start":{"line":33,"column":19},"end":{"line":47,"column":3}}},"5":{"name":"(anonymous_9)","decl":{"start":{"line":35,"column":10},"end":{"line":35,"column":16}},"loc":{"start":{"line":35,"column":19},"end":{"line":45,"column":7}}},"6":{"name":"(anonymous_10)","decl":{"start":{"line":49,"column":2},"end":{"line":49,"column":19}},"loc":{"start":{"line":49,"column":56},"end":{"line":51,"column":3}}}},"branchMap":{},"s":{"0":6,"1":6,"2":6,"3":6,"4":6,"5":6,"6":6,"7":6,"8":6,"9":6,"10":0,"11":0,"12":0,"13":0,"14":0,"15":0,"16":0,"17":6,"18":6},"f":{"0":6,"1":0,"2":0,"3":0,"4":0,"5":0,"6":0},"b":{}}
}
