TN:
SF:src\app.controller.ts
FN:6,(anonymous_2)
FN:9,(anonymous_3)
FNF:2
FNH:2
FNDA:1,(anonymous_2)
FNDA:1,(anonymous_3)
DA:1,1
DA:2,1
DA:5,1
DA:6,1
DA:9,1
DA:10,1
LF:6
LH:6
BRF:0
BRH:0
end_of_record
TN:
SF:src\app.module.ts
FNF:0
FNH:0
DA:1,0
DA:2,0
DA:3,0
DA:4,0
DA:5,0
DA:15,0
LF:6
LH:0
BRF:0
BRH:0
end_of_record
TN:
SF:src\app.service.ts
FN:5,(anonymous_1)
FNF:1
FNH:1
FNDA:1,(anonymous_1)
DA:1,1
DA:4,1
DA:6,1
LF:3
LH:3
BRF:0
BRH:0
end_of_record
TN:
SF:src\main.ts
FN:4,bootstrap
FNF:1
FNH:0
FNDA:0,bootstrap
DA:1,0
DA:2,0
DA:5,0
DA:6,0
DA:7,0
DA:9,0
LF:6
LH:0
BRDA:7,0,0,0
BRDA:7,0,1,0
BRF:2
BRH:0
end_of_record
TN:
SF:src\match\match.module.ts
FNF:0
FNH:0
DA:1,0
DA:2,0
DA:3,0
DA:4,0
DA:5,0
DA:6,0
DA:7,0
DA:8,0
DA:15,0
LF:9
LH:0
BRF:0
BRH:0
end_of_record
TN:
SF:src\match\controllers\match.controller.ts
FN:8,(anonymous_4)
FN:11,(anonymous_5)
FN:12,(anonymous_6)
FN:13,(anonymous_7)
FNF:4
FNH:1
FNDA:1,(anonymous_4)
FNDA:0,(anonymous_5)
FNDA:0,(anonymous_6)
FNDA:0,(anonymous_7)
DA:1,1
DA:2,1
DA:3,1
DA:7,1
DA:8,1
DA:11,1
DA:12,0
DA:13,0
DA:14,0
DA:15,0
DA:16,0
DA:17,0
DA:18,0
DA:19,0
DA:21,0
DA:24,0
LF:16
LH:6
BRDA:15,0,0,0
BRDA:15,0,1,0
BRDA:16,1,0,0
BRDA:16,1,1,0
BRDA:18,2,0,0
BRDA:18,2,1,0
BRF:6
BRH:0
end_of_record
TN:
SF:src\match\dto\create-match.dto.ts
FNF:0
FNH:0
DA:1,1
LF:1
LH:1
BRF:0
BRH:0
end_of_record
TN:
SF:src\match\dto\update-match.dto.ts
FNF:0
FNH:0
DA:1,0
DA:2,0
DA:4,0
LF:3
LH:0
BRF:0
BRH:0
end_of_record
TN:
SF:src\match\entities\match.entity.ts
FNF:0
FNH:0
DA:1,2
DA:4,2
DA:6,2
DA:9,2
DA:12,2
DA:15,2
DA:18,2
DA:21,2
LF:8
LH:8
BRF:0
BRH:0
end_of_record
TN:
SF:src\match\services\match.service.ts
FN:12,(anonymous_4)
FN:19,(anonymous_5)
FN:29,(anonymous_6)
FN:46,(anonymous_7)
FN:47,(anonymous_8)
FN:51,(anonymous_9)
FN:77,(anonymous_10)
FN:78,(anonymous_11)
FN:82,(anonymous_12)
FN:89,(anonymous_13)
FN:94,(anonymous_14)
FN:99,(anonymous_15)
FN:105,(anonymous_16)
FNF:13
FNH:1
FNDA:2,(anonymous_4)
FNDA:0,(anonymous_5)
FNDA:0,(anonymous_6)
FNDA:0,(anonymous_7)
FNDA:0,(anonymous_8)
FNDA:0,(anonymous_9)
FNDA:0,(anonymous_10)
FNDA:0,(anonymous_11)
FNDA:0,(anonymous_12)
FNDA:0,(anonymous_13)
FNDA:0,(anonymous_14)
FNDA:0,(anonymous_15)
FNDA:0,(anonymous_16)
DA:1,2
DA:2,2
DA:3,2
DA:4,2
DA:5,2
DA:6,2
DA:11,2
DA:14,2
DA:15,2
DA:16,2
DA:20,0
DA:21,0
DA:22,0
DA:23,0
DA:25,0
DA:30,0
DA:31,0
DA:32,0
DA:35,0
DA:36,0
DA:37,0
DA:39,0
DA:40,0
DA:43,0
DA:47,0
DA:48,0
DA:49,0
DA:51,0
DA:52,0
DA:53,0
DA:56,0
DA:58,0
DA:59,0
DA:61,0
DA:62,0
DA:63,0
DA:64,0
DA:65,0
DA:66,0
DA:68,0
DA:72,0
DA:77,0
DA:78,0
DA:79,0
DA:80,0
DA:82,0
DA:83,0
DA:84,0
DA:86,0
DA:89,0
DA:95,0
DA:96,0
DA:98,0
DA:100,0
DA:101,0
DA:103,0
DA:106,0
LF:57
LH:10
BRDA:20,0,0,0
BRDA:20,0,1,0
BRDA:22,1,0,0
BRDA:22,1,1,0
BRDA:35,2,0,0
BRDA:35,2,1,0
BRDA:48,3,0,0
BRDA:52,4,0,0
BRDA:79,5,0,0
BRDA:83,6,0,0
BRDA:95,7,0,0
BRDA:100,8,0,0
BRF:12
BRH:0
end_of_record
TN:
SF:src\player\player.module.ts
FNF:0
FNH:0
DA:1,0
DA:2,0
DA:3,0
DA:4,0
DA:5,0
DA:6,0
DA:17,0
LF:7
LH:0
BRF:0
BRH:0
end_of_record
TN:
SF:src\player\controllers\player.controller.ts
FN:7,(anonymous_4)
FN:10,(anonymous_5)
FN:11,(anonymous_6)
FN:12,(anonymous_7)
FNF:4
FNH:1
FNDA:1,(anonymous_4)
FNDA:0,(anonymous_5)
FNDA:0,(anonymous_6)
FNDA:0,(anonymous_7)
DA:1,1
DA:2,1
DA:3,1
DA:6,1
DA:7,1
DA:10,1
DA:11,0
DA:12,0
DA:13,0
DA:14,0
DA:15,0
DA:16,0
DA:17,0
DA:19,0
DA:22,0
LF:15
LH:6
BRDA:13,0,0,0
BRDA:13,0,1,0
BRDA:14,1,0,0
BRDA:14,1,1,0
BRDA:16,2,0,0
BRDA:16,2,1,0
BRF:6
BRH:0
end_of_record
TN:
SF:src\player\dto\create-player.dto.ts
FNF:0
FNH:0
DA:1,1
LF:1
LH:1
BRF:0
BRH:0
end_of_record
TN:
SF:src\player\dto\update-player.dto.ts
FNF:0
FNH:0
DA:1,0
DA:2,0
DA:4,0
LF:3
LH:0
BRF:0
BRH:0
end_of_record
TN:
SF:src\player\entities\player.entity.ts
FNF:0
FNH:0
DA:1,6
DA:4,6
DA:6,6
DA:9,6
LF:4
LH:4
BRF:0
BRH:0
end_of_record
TN:
SF:src\player\services\player.service.ts
FN:10,(anonymous_4)
FN:16,(anonymous_5)
FN:22,(anonymous_6)
FN:28,(anonymous_7)
FN:29,(anonymous_8)
FN:37,(anonymous_9)
FN:44,(anonymous_10)
FN:49,(anonymous_11)
FN:55,(anonymous_12)
FN:61,(anonymous_13)
FN:64,(anonymous_14)
FN:70,(anonymous_15)
FN:76,(anonymous_16)
FN:83,(anonymous_17)
FN:85,(anonymous_18)
FNF:15
FNH:1
FNDA:4,(anonymous_4)
FNDA:0,(anonymous_5)
FNDA:0,(anonymous_6)
FNDA:0,(anonymous_7)
FNDA:0,(anonymous_8)
FNDA:0,(anonymous_9)
FNDA:0,(anonymous_10)
FNDA:0,(anonymous_11)
FNDA:0,(anonymous_12)
FNDA:0,(anonymous_13)
FNDA:0,(anonymous_14)
FNDA:0,(anonymous_15)
FNDA:0,(anonymous_16)
FNDA:0,(anonymous_17)
FNDA:0,(anonymous_18)
DA:1,4
DA:2,4
DA:3,4
DA:4,4
DA:6,4
DA:9,4
DA:12,4
DA:13,4
DA:17,0
DA:18,0
DA:21,0
DA:23,0
DA:24,0
DA:27,0
DA:29,0
DA:30,0
DA:32,0
DA:33,0
DA:34,0
DA:36,0
DA:38,0
DA:42,0
DA:44,0
DA:50,0
DA:51,0
DA:54,0
DA:56,0
DA:57,0
DA:59,0
DA:61,0
DA:65,0
DA:66,0
DA:69,0
DA:71,0
DA:72,0
DA:75,0
DA:77,0
DA:81,0
DA:83,0
DA:85,0
LF:40
LH:8
BRDA:17,0,0,0
BRDA:23,1,0,0
BRDA:30,2,0,0
BRDA:30,2,1,0
BRDA:34,3,0,0
BRDA:34,3,1,0
BRDA:50,4,0,0
BRDA:56,5,0,0
BRDA:65,6,0,0
BRDA:71,7,0,0
BRF:10
BRH:0
end_of_record
TN:
SF:src\ranking\ranking.module.ts
FNF:0
FNH:0
DA:1,0
DA:2,0
DA:3,0
DA:4,0
DA:5,0
DA:6,0
DA:17,0
LF:7
LH:0
BRF:0
BRH:0
end_of_record
TN:
SF:src\ranking\controllers\ranking.controller.ts
FN:7,(anonymous_2)
FN:10,(anonymous_3)
FN:11,(anonymous_4)
FN:12,(anonymous_5)
FN:28,(anonymous_6)
FNF:5
FNH:1
FNDA:1,(anonymous_2)
FNDA:0,(anonymous_3)
FNDA:0,(anonymous_4)
FNDA:0,(anonymous_5)
FNDA:0,(anonymous_6)
DA:1,1
DA:2,1
DA:3,1
DA:6,1
DA:7,1
DA:10,1
DA:11,0
DA:12,0
DA:13,0
DA:14,0
DA:16,0
DA:17,0
DA:22,0
DA:28,1
DA:29,0
DA:30,0
LF:16
LH:7
BRDA:13,0,0,0
BRDA:16,1,0,0
BRDA:16,2,0,0
BRDA:16,2,1,0
BRF:4
BRH:0
end_of_record
TN:
SF:src\ranking\services\ranking.service.ts
FN:18,(anonymous_4)
FN:23,(anonymous_5)
FN:25,(anonymous_6)
FN:28,(anonymous_7)
FN:33,(anonymous_8)
FN:35,(anonymous_9)
FN:49,(anonymous_10)
FNF:7
FNH:1
FNDA:6,(anonymous_4)
FNDA:0,(anonymous_5)
FNDA:0,(anonymous_6)
FNDA:0,(anonymous_7)
FNDA:0,(anonymous_8)
FNDA:0,(anonymous_9)
FNDA:0,(anonymous_10)
DA:1,6
DA:2,6
DA:3,6
DA:4,6
DA:5,6
DA:6,6
DA:7,6
DA:15,6
DA:16,6
DA:20,6
DA:24,0
DA:26,0
DA:29,0
DA:34,0
DA:36,0
DA:40,0
DA:50,0
LF:17
LH:10
BRF:0
BRH:0
end_of_record
