TN:
SF:src\app.controller.ts
FN:6,(anonymous_2)
FN:9,(anonymous_3)
FNF:2
FNH:2
FNDA:1,(anonymous_2)
FNDA:1,(anonymous_3)
DA:1,1
DA:2,1
DA:5,1
DA:6,1
DA:9,1
DA:10,1
LF:6
LH:6
BRF:0
BRH:0
end_of_record
TN:
SF:src\app.module.ts
FNF:0
FNH:0
DA:1,0
DA:2,0
DA:3,0
DA:4,0
DA:5,0
DA:15,0
LF:6
LH:0
BRF:0
BRH:0
end_of_record
TN:
SF:src\app.service.ts
FN:5,(anonymous_1)
FNF:1
FNH:1
FNDA:1,(anonymous_1)
DA:1,1
DA:4,1
DA:6,1
LF:3
LH:3
BRF:0
BRH:0
end_of_record
TN:
SF:src\main.ts
FN:4,bootstrap
FNF:1
FNH:0
FNDA:0,bootstrap
DA:1,0
DA:2,0
DA:5,0
DA:6,0
DA:7,0
DA:9,0
LF:6
LH:0
BRDA:7,0,0,0
BRDA:7,0,1,0
BRF:2
BRH:0
end_of_record
TN:
SF:src\events\events.module.ts
FNF:0
FNH:0
DA:1,3
DA:2,3
DA:8,3
LF:3
LH:3
BRF:0
BRH:0
end_of_record
TN:
SF:src\events\services\events.service.ts
FN:8,(anonymous_2)
FN:11,(anonymous_3)
FN:15,(anonymous_4)
FNF:3
FNH:3
FNDA:69,(anonymous_2)
FNDA:5,(anonymous_3)
FNDA:3,(anonymous_4)
DA:1,10
DA:2,10
DA:5,10
DA:6,69
DA:12,5
DA:16,3
LF:6
LH:6
BRF:0
BRH:0
end_of_record
TN:
SF:src\match\match.module.ts
FNF:0
FNH:0
DA:1,1
DA:2,1
DA:3,1
DA:4,1
DA:5,1
DA:6,1
DA:7,1
DA:17,1
LF:8
LH:8
BRF:0
BRH:0
end_of_record
TN:
SF:src\match\controllers\match.controller.ts
FN:7,(anonymous_4)
FN:10,(anonymous_5)
FN:11,(anonymous_6)
FN:12,(anonymous_7)
FNF:4
FNH:4
FNDA:8,(anonymous_4)
FNDA:4,(anonymous_5)
FNDA:4,(anonymous_6)
FNDA:4,(anonymous_7)
DA:1,2
DA:2,2
DA:3,2
DA:6,2
DA:7,8
DA:10,2
DA:11,4
DA:12,4
DA:13,4
DA:14,3
DA:15,1
DA:16,2
DA:17,1
DA:19,1
DA:22,1
LF:15
LH:15
BRDA:13,0,0,3
BRDA:13,0,1,1
BRDA:14,1,0,1
BRDA:14,1,1,2
BRDA:16,2,0,1
BRDA:16,2,1,1
BRF:6
BRH:6
end_of_record
TN:
SF:src\match\dto\create-match.dto.ts
FNF:0
FNH:0
DA:1,2
LF:1
LH:1
BRF:0
BRH:0
end_of_record
TN:
SF:src\match\entities\match.entity.ts
FNF:0
FNH:0
DA:1,3
DA:4,3
DA:6,3
DA:9,3
DA:12,3
DA:15,3
DA:18,3
DA:21,3
LF:8
LH:8
BRF:0
BRH:0
end_of_record
TN:
SF:src\match\services\match.service.ts
FN:11,(anonymous_4)
FN:17,(anonymous_5)
FN:27,(anonymous_6)
FN:44,(anonymous_7)
FN:45,(anonymous_8)
FN:49,(anonymous_9)
FN:70,(anonymous_10)
FN:79,(anonymous_11)
FN:83,(anonymous_12)
FN:90,(anonymous_13)
FN:95,(anonymous_14)
FN:100,(anonymous_15)
FN:106,(anonymous_16)
FNF:13
FNH:13
FNDA:24,(anonymous_4)
FNDA:4,(anonymous_5)
FNDA:6,(anonymous_6)
FNDA:7,(anonymous_7)
FNDA:7,(anonymous_8)
FNDA:6,(anonymous_9)
FNDA:3,(anonymous_10)
FNDA:3,(anonymous_11)
FNDA:2,(anonymous_12)
FNDA:1,(anonymous_13)
FNDA:4,(anonymous_14)
FNDA:2,(anonymous_15)
FNDA:1,(anonymous_16)
DA:1,3
DA:2,3
DA:3,3
DA:4,3
DA:5,3
DA:10,3
DA:13,24
DA:14,24
DA:18,4
DA:19,1
DA:20,3
DA:21,2
DA:23,1
DA:28,6
DA:29,6
DA:30,6
DA:33,6
DA:34,1
DA:35,1
DA:37,5
DA:38,5
DA:41,6
DA:45,7
DA:46,7
DA:47,1
DA:49,6
DA:50,6
DA:51,1
DA:54,5
DA:55,1
DA:58,4
DA:60,4
DA:61,4
DA:63,4
DA:64,4
DA:65,4
DA:66,4
DA:67,4
DA:68,4
DA:70,4
DA:71,3
DA:75,3
DA:79,3
DA:80,3
DA:81,1
DA:83,2
DA:84,2
DA:85,1
DA:87,1
DA:90,1
DA:96,4
DA:97,1
DA:99,3
DA:101,2
DA:102,1
DA:104,1
DA:107,1
LF:57
LH:57
BRDA:18,0,0,1
BRDA:18,0,1,3
BRDA:20,1,0,2
BRDA:20,1,1,1
BRDA:33,2,0,1
BRDA:33,2,1,5
BRDA:46,3,0,1
BRDA:50,4,0,1
BRDA:54,5,0,1
BRDA:80,6,0,1
BRDA:84,7,0,1
BRDA:96,8,0,1
BRDA:101,9,0,1
BRF:13
BRH:13
end_of_record
TN:
SF:src\player\player.module.ts
FNF:0
FNH:0
DA:1,2
DA:2,2
DA:3,2
DA:4,2
DA:5,2
DA:6,2
DA:17,2
LF:7
LH:7
BRF:0
BRH:0
end_of_record
TN:
SF:src\player\controllers\player.controller.ts
FN:7,(anonymous_4)
FN:10,(anonymous_5)
FN:11,(anonymous_6)
FN:12,(anonymous_7)
FNF:4
FNH:4
FNDA:11,(anonymous_4)
FNDA:4,(anonymous_5)
FNDA:4,(anonymous_6)
FNDA:4,(anonymous_7)
DA:1,3
DA:2,3
DA:3,3
DA:6,3
DA:7,11
DA:10,3
DA:11,4
DA:12,4
DA:13,4
DA:14,3
DA:15,1
DA:16,2
DA:17,1
DA:19,1
DA:22,1
LF:15
LH:15
BRDA:13,0,0,3
BRDA:13,0,1,1
BRDA:14,1,0,1
BRDA:14,1,1,2
BRDA:16,2,0,1
BRDA:16,2,1,1
BRF:6
BRH:6
end_of_record
TN:
SF:src\player\dto\create-player.dto.ts
FNF:0
FNH:0
DA:1,4
LF:1
LH:1
BRF:0
BRH:0
end_of_record
TN:
SF:src\player\dto\update-player.dto.ts
FNF:0
FNH:0
DA:1,1
DA:2,1
DA:4,1
LF:3
LH:3
BRF:0
BRH:0
end_of_record
TN:
SF:src\player\entities\player.entity.ts
FNF:0
FNH:0
DA:1,8
DA:4,8
DA:6,8
DA:9,8
LF:4
LH:4
BRF:0
BRH:0
end_of_record
TN:
SF:src\player\services\player.service.ts
FN:11,(anonymous_4)
FN:17,(anonymous_5)
FN:19,(anonymous_6)
FN:22,(anonymous_7)
FN:25,(anonymous_8)
FN:31,(anonymous_9)
FN:37,(anonymous_10)
FN:38,(anonymous_11)
FN:46,(anonymous_12)
FN:53,(anonymous_13)
FN:58,(anonymous_14)
FN:64,(anonymous_15)
FN:70,(anonymous_16)
FN:73,(anonymous_17)
FN:79,(anonymous_18)
FN:88,(anonymous_19)
FN:95,(anonymous_20)
FN:97,(anonymous_21)
FNF:18
FNH:18
FNDA:64,(anonymous_4)
FNDA:43,(anonymous_5)
FNDA:41,(anonymous_6)
FNDA:1,(anonymous_7)
FNDA:6,(anonymous_8)
FNDA:5,(anonymous_9)
FNDA:4,(anonymous_10)
FNDA:2,(anonymous_11)
FNDA:3,(anonymous_12)
FNDA:1,(anonymous_13)
FNDA:4,(anonymous_14)
FNDA:2,(anonymous_15)
FNDA:1,(anonymous_16)
FNDA:5,(anonymous_17)
FNDA:3,(anonymous_18)
FNDA:1,(anonymous_19)
FNDA:1,(anonymous_20)
FNDA:1,(anonymous_21)
DA:1,8
DA:2,8
DA:3,8
DA:4,8
DA:7,8
DA:10,8
DA:13,64
DA:14,64
DA:18,43
DA:20,41
DA:22,1
DA:26,6
DA:27,1
DA:30,5
DA:32,5
DA:33,1
DA:36,4
DA:38,4
DA:39,4
DA:41,4
DA:42,4
DA:43,4
DA:45,4
DA:47,3
DA:51,3
DA:53,1
DA:59,4
DA:60,1
DA:63,3
DA:65,2
DA:66,1
DA:68,1
DA:70,1
DA:74,5
DA:75,1
DA:78,4
DA:80,3
DA:81,1
DA:85,2
DA:87,2
DA:89,1
DA:93,1
DA:95,1
DA:97,1
LF:44
LH:44
BRDA:26,0,0,1
BRDA:32,1,0,1
BRDA:39,2,0,1
BRDA:39,2,1,3
BRDA:59,3,0,1
BRDA:65,4,0,1
BRDA:74,5,0,1
BRDA:80,6,0,1
BRF:8
BRH:8
end_of_record
TN:
SF:src\ranking\ranking.module.ts
FNF:0
FNH:0
DA:1,1
DA:2,1
DA:3,1
DA:4,1
DA:5,1
DA:6,1
DA:7,1
DA:8,1
DA:21,1
LF:9
LH:9
BRF:0
BRH:0
end_of_record
TN:
SF:src\ranking\controllers\ranking.controller.ts
FN:7,(anonymous_2)
FN:10,(anonymous_3)
FN:11,(anonymous_4)
FN:12,(anonymous_5)
FN:28,(anonymous_6)
FNF:5
FNH:5
FNDA:8,(anonymous_2)
FNDA:3,(anonymous_3)
FNDA:3,(anonymous_4)
FNDA:3,(anonymous_5)
FNDA:1,(anonymous_6)
DA:1,2
DA:2,2
DA:3,2
DA:6,2
DA:7,8
DA:10,2
DA:11,3
DA:12,3
DA:13,3
DA:14,1
DA:16,2
DA:17,1
DA:22,1
DA:28,2
DA:29,1
LF:15
LH:15
BRDA:13,0,0,1
BRDA:16,1,0,1
BRDA:16,2,0,2
BRDA:16,2,1,2
BRF:4
BRH:4
end_of_record
TN:
SF:src\ranking\services\ranking.service.ts
FN:17,(anonymous_2)
FN:24,(anonymous_3)
FN:25,(anonymous_4)
FN:27,(anonymous_5)
FN:32,(anonymous_6)
FN:36,(anonymous_7)
FN:37,(anonymous_8)
FN:43,(anonymous_9)
FN:46,(anonymous_10)
FN:48,(anonymous_11)
FNF:10
FNH:10
FNDA:41,(anonymous_2)
FNDA:43,(anonymous_3)
FNDA:42,(anonymous_4)
FNDA:1,(anonymous_5)
FNDA:6,(anonymous_6)
FNDA:5,(anonymous_7)
FNDA:2,(anonymous_8)
FNDA:1,(anonymous_9)
FNDA:1,(anonymous_10)
FNDA:1,(anonymous_11)
DA:1,6
DA:2,6
DA:3,6
DA:5,6
DA:6,6
DA:14,6
DA:15,41
DA:18,41
DA:19,41
DA:21,41
DA:25,43
DA:26,42
DA:27,41
DA:33,6
DA:37,5
DA:38,5
DA:39,1
DA:41,4
DA:43,5
DA:47,1
DA:49,1
DA:51,1
DA:55,1
LF:23
LH:23
BRDA:26,0,0,41
BRDA:26,1,0,42
BRDA:26,1,1,41
BRDA:38,2,0,1
BRDA:38,2,1,4
BRF:5
BRH:5
end_of_record
